<?xml version="1.0" encoding="UTF-8"?>
<!-- Generated by org.testng.reporters.JUnitXMLReporter -->
<testsuite hostname="Dell3" ignored="0" name="Default test" tests="1" failures="1" timestamp="22 Jun 2020 08:26:14 GMT" time="13.231" errors="0">
  <testcase name="bookAticket" time="0.258" classname="com.bus.booking.Tests.Test1">
    <failure type="java.lang.StackOverflowError">
      <![CDATA[java.lang.StackOverflowError
	at com.bus.booking.TestBase.SearchResultPage.<init>(SearchResultPage.java:28)
	at com.bus.booking.TestBase.SearchResultPage.<init>(SearchResultPage.java:28)
	at com.bus.booking.TestBase.SearchResultPage.<init>(SearchResultPage.java:28)
	at com.bus.booking.TestBase.SearchResultPage.<init>(SearchResultPage.java:28)
	at com.bus.booking.TestBase.SearchResultPage.<init>(SearchResultPage.java:28)
	at com.bus.booking.TestBase.SearchResultPage.<init>(SearchResultPage.java:28)
	at com.bus.booking.TestBase.SearchResultPage.<init>(SearchResultPage.java:28)
	at com.bus.booking.TestBase.SearchResultPage.<init>(SearchResultPage.java:28)
	at com.bus.booking.TestBase.SearchResultPage.<init>(SearchResultPage.java:28)
	at com.bus.booking.TestBase.SearchResultPage.<init>(SearchResultPage.java:28)
	at com.bus.booking.TestBase.SearchResultPage.<init>(SearchResultPage.java:28)
	at com.bus.booking.TestBase.SearchResultPage.<init>(SearchResultPage.java:28)
	at com.bus.booking.TestBase.SearchResultPage.<init>(SearchResultPage.java:28)
	at com.bus.booking.TestBase.SearchResultPage.<init>(SearchResultPage.java:28)
	at com.bus.booking.TestBase.SearchResultPage.<init>(SearchResultPage.java:28)
	at com.bus.booking.TestBase.SearchResultPage.<init>(SearchResultPage.java:28)
	at com.bus.booking.TestBase.SearchResultPage.<init>(SearchResultPage.java:28)
	at com.bus.booking.TestBase.SearchResultPage.<init>(SearchResultPage.java:28)
	at com.bus.booking.TestBase.SearchResultPage.<init>(SearchResultPage.java:28)
	at com.bus.booking.TestBase.SearchResultPage.<init>(SearchResultPage.java:28)
	at com.bus.booking.TestBase.SearchResultPage.<init>(SearchResultPage.java:28)
	at com.bus.booking.TestBase.SearchResultPage.<init>(SearchResultPage.java:28)
	at com.bus.booking.TestBase.SearchResultPage.<init>(SearchResultPage.java:28)
	at com.bus.booking.TestBase.SearchResultPage.<init>(SearchResultPage.java:28)
	at com.bus.booking.TestBase.SearchResultPage.<init>(SearchResultPage.java:28)
	at com.bus.booking.TestBase.SearchResultPage.<init>(SearchResultPage.java:28)
	at com.bus.booking.TestBase.SearchResultPage.<init>(SearchResultPage.java:28)
	at com.bus.booking.TestBase.SearchResultPage.<init>(SearchResultPage.java:28)
	at com.bus.booking.TestBase.SearchResultPage.<init>(SearchResultPage.java:28)
	at com.bus.booking.TestBase.SearchResultPage.<init>(SearchResultPage.java:28)
	at com.bus.booking.TestBase.SearchResultPage.<init>(SearchResultPage.java:28)
	at com.bus.booking.TestBase.SearchResultPage.<init>(SearchResultPage.java:28)
	at com.bus.booking.TestBase.SearchResultPage.<init>(SearchResultPage.java:28)
	at com.bus.booking.TestBase.SearchResultPage.<init>(SearchResultPage.java:28)
	at com.bus.booking.TestBase.SearchResultPage.<init>(SearchResultPage.java:28)
	at com.bus.booking.TestBase.SearchResultPage.<init>(SearchResultPage.java:28)
	at com.bus.booking.TestBase.SearchResultPage.<init>(SearchResultPage.java:28)
	at com.bus.booking.TestBase.SearchResultPage.<init>(SearchResultPage.java:28)
	at com.bus.booking.TestBase.SearchResultPage.<init>(SearchResultPage.java:28)
	at com.bus.booking.TestBase.SearchResultPage.<init>(SearchResultPage.java:28)
	at com.bus.booking.TestBase.SearchResultPage.<init>(SearchResultPage.java:28)
	at com.bus.booking.TestBase.SearchResultPage.<init>(SearchResultPage.java:28)
	at com.bus.booking.TestBase.SearchResultPage.<init>(SearchResultPage.java:28)
	at com.bus.booking.TestBase.SearchResultPage.<init>(SearchResultPage.java:28)
	at com.bus.booking.TestBase.SearchResultPage.<init>(SearchResultPage.java:28)
	at com.bus.booking.TestBase.SearchResultPage.<init>(SearchResultPage.java:28)
	at com.bus.booking.TestBase.SearchResultPage.<init>(SearchResultPage.java:28)
	at com.bus.booking.TestBase.SearchResultPage.<init>(SearchResultPage.java:28)
	at com.bus.booking.TestBase.SearchResultPage.<init>(SearchResultPage.java:28)
	at com.bus.booking.TestBase.SearchResultPage.<init>(SearchResultPage.java:28)
	at com.bus.booking.TestBase.SearchResultPage.<init>(SearchResultPage.java:28)
	at com.bus.booking.TestBase.SearchResultPage.<init>(SearchResultPage.java:28)
	at com.bus.booking.TestBase.SearchResultPage.<init>(SearchResultPage.java:28)
	at com.bus.booking.TestBase.SearchResultPage.<init>(SearchResultPage.java:28)
	at com.bus.booking.TestBase.SearchResultPage.<init>(SearchResultPage.java:28)
	at com.bus.booking.TestBase.SearchResultPage.<init>(SearchResultPage.java:28)
	at com.bus.booking.TestBase.SearchResultPage.<init>(SearchResultPage.java:28)
	at com.bus.booking.TestBase.SearchResultPage.<init>(SearchResultPage.java:28)
	at com.bus.booking.TestBase.SearchResultPage.<init>(SearchResultPage.java:28)
	at com.bus.booking.TestBase.SearchResultPage.<init>(SearchResultPage.java:28)
	at com.bus.booking.TestBase.SearchResultPage.<init>(SearchResultPage.java:28)
	at com.bus.booking.TestBase.SearchResultPage.<init>(SearchResultPage.java:28)
	at com.bus.booking.TestBase.SearchResultPage.<init>(SearchResultPage.java:28)
	at com.bus.booking.TestBase.SearchResultPage.<init>(SearchResultPage.java:28)
	at com.bus.booking.TestBase.SearchResultPage.<init>(SearchResultPage.java:28)
	at com.bus.booking.TestBase.SearchResultPage.<init>(SearchResultPage.java:28)
	at com.bus.booking.TestBase.SearchResultPage.<init>(SearchResultPage.java:28)
	at com.bus.booking.TestBase.SearchResultPage.<init>(SearchResultPage.java:28)
	at com.bus.booking.TestBase.SearchResultPage.<init>(SearchResultPage.java:28)
	at com.bus.booking.TestBase.SearchResultPage.<init>(SearchResultPage.java:28)
	at com.bus.booking.TestBase.SearchResultPage.<init>(SearchResultPage.java:28)
	at com.bus.booking.TestBase.SearchResultPage.<init>(SearchResultPage.java:28)
	at com.bus.booking.TestBase.SearchResultPage.<init>(SearchResultPage.java:28)
	at com.bus.booking.TestBase.SearchResultPage.<init>(SearchResultPage.java:28)
	at com.bus.booking.TestBase.SearchResultPage.<init>(SearchResultPage.java:28)
	at com.bus.booking.TestBase.SearchResultPage.<init>(SearchResultPage.java:28)
	at com.bus.booking.TestBase.SearchResultPage.<init>(SearchResultPage.java:28)
	at com.bus.booking.TestBase.SearchResultPage.<init>(SearchResultPage.java:28)
	at com.bus.booking.TestBase.SearchResultPage.<init>(SearchResultPage.java:28)
	at com.bus.booking.TestBase.SearchResultPage.<init>(SearchResultPage.java:28)
	at com.bus.booking.TestBase.SearchResultPage.<init>(SearchResultPage.java:28)
	at com.bus.booking.TestBase.SearchResultPage.<init>(SearchResultPage.java:28)
	at com.bus.booking.TestBase.SearchResultPage.<init>(SearchResultPage.java:28)
	at com.bus.booking.TestBase.SearchResultPage.<init>(SearchResultPage.java:28)
	at com.bus.booking.TestBase.SearchResultPage.<init>(SearchResultPage.java:28)
	at com.bus.booking.TestBase.SearchResultPage.<init>(SearchResultPage.java:28)
	at com.bus.booking.TestBase.SearchResultPage.<init>(SearchResultPage.java:28)
	at com.bus.booking.TestBase.SearchResultPage.<init>(SearchResultPage.java:28)
	at com.bus.booking.TestBase.SearchResultPage.<init>(SearchResultPage.java:28)
	at com.bus.booking.TestBase.SearchResultPage.<init>(SearchResultPage.java:28)
	at com.bus.booking.TestBase.SearchResultPage.<init>(SearchResultPage.java:28)
	at com.bus.booking.TestBase.SearchResultPage.<init>(SearchResultPage.java:28)
	at com.bus.booking.TestBase.SearchResultPage.<init>(SearchResultPage.java:28)
	at com.bus.booking.TestBase.SearchResultPage.<init>(SearchResultPage.java:28)
	at com.bus.booking.TestBase.SearchResultPage.<init>(SearchResultPage.java:28)
	at com.bus.booking.TestBase.SearchResultPage.<init>(SearchResultPage.java:28)
	at com.bus.booking.TestBase.SearchResultPage.<init>(SearchResultPage.java:28)
	at com.bus.booking.TestBase.SearchResultPage.<init>(SearchResultPage.java:28)
	at com.bus.booking.TestBase.SearchResultPage.<init>(SearchResultPage.java:28)
	at com.bus.booking.TestBase.SearchResultPage.<init>(SearchResultPage.java:28)
	at com.bus.booking.TestBase.SearchResultPage.<init>(SearchResultPage.java:28)
	at com.bus.booking.TestBase.SearchResultPage.<init>(SearchResultPage.java:28)
	at com.bus.booking.TestBase.SearchResultPage.<init>(SearchResultPage.java:28)
	at com.bus.booking.TestBase.SearchResultPage.<init>(SearchResultPage.java:28)
	at com.bus.booking.TestBase.SearchResultPage.<init>(SearchResultPage.java:28)
	at com.bus.booking.TestBase.SearchResultPage.<init>(SearchResultPage.java:28)
	at com.bus.booking.TestBase.SearchResultPage.<init>(SearchResultPage.java:28)
	at com.bus.booking.TestBase.SearchResultPage.<init>(SearchResultPage.java:28)
	at com.bus.booking.TestBase.SearchResultPage.<init>(SearchResultPage.java:28)
	at com.bus.booking.TestBase.SearchResultPage.<init>(SearchResultPage.java:28)
	at com.bus.booking.TestBase.SearchResultPage.<init>(SearchResultPage.java:28)
	at com.bus.booking.TestBase.SearchResultPage.<init>(SearchResultPage.java:28)
	at com.bus.booking.TestBase.SearchResultPage.<init>(SearchResultPage.java:28)
	at com.bus.booking.TestBase.SearchResultPage.<init>(SearchResultPage.java:28)
	at com.bus.booking.TestBase.SearchResultPage.<init>(SearchResultPage.java:28)
	at com.bus.booking.TestBase.SearchResultPage.<init>(SearchResultPage.java:28)
	at com.bus.booking.TestBase.SearchResultPage.<init>(SearchResultPage.java:28)
	at com.bus.booking.TestBase.SearchResultPage.<init>(SearchResultPage.java:28)
	at com.bus.booking.TestBase.SearchResultPage.<init>(SearchResultPage.java:28)
	at com.bus.booking.TestBase.SearchResultPage.<init>(SearchResultPage.java:28)
	at com.bus.booking.TestBase.SearchResultPage.<init>(SearchResultPage.java:28)
	at com.bus.booking.TestBase.SearchResultPage.<init>(SearchResultPage.java:28)
	at com.bus.booking.TestBase.SearchResultPage.<init>(SearchResultPage.java:28)
	at com.bus.booking.TestBase.SearchResultPage.<init>(SearchResultPage.java:28)
	at com.bus.booking.TestBase.SearchResultPage.<init>(SearchResultPage.java:28)
	at com.bus.booking.TestBase.SearchResultPage.<init>(SearchResultPage.java:28)
	at com.bus.booking.TestBase.SearchResultPage.<init>(SearchResultPage.java:28)
	at com.bus.booking.TestBase.SearchResultPage.<init>(SearchResultPage.java:28)
	at com.bus.booking.TestBase.SearchResultPage.<init>(SearchResultPage.java:28)
	at com.bus.booking.TestBase.SearchResultPage.<init>(SearchResultPage.java:28)
	at com.bus.booking.TestBase.SearchResultPage.<init>(SearchResultPage.java:28)
	at com.bus.booking.TestBase.SearchResultPage.<init>(SearchResultPage.java:28)
	at com.bus.booking.TestBase.SearchResultPage.<init>(SearchResultPage.java:28)
	at com.bus.booking.TestBase.SearchResultPage.<init>(SearchResultPage.java:28)
	at com.bus.booking.TestBase.SearchResultPage.<init>(SearchResultPage.java:28)
	at com.bus.booking.TestBase.SearchResultPage.<init>(SearchResultPage.java:28)
	at com.bus.booking.TestBase.SearchResultPage.<init>(SearchResultPage.java:28)
	at com.bus.booking.TestBase.SearchResultPage.<init>(SearchResultPage.java:28)
	at com.bus.booking.TestBase.SearchResultPage.<init>(SearchResultPage.java:28)
	at com.bus.booking.TestBase.SearchResultPage.<init>(SearchResultPage.java:28)
	at com.bus.booking.TestBase.SearchResultPage.<init>(SearchResultPage.java:28)
	at com.bus.booking.TestBase.SearchResultPage.<init>(SearchResultPage.java:28)
	at com.bus.booking.TestBase.SearchResultPage.<init>(SearchResultPage.java:28)
	at com.bus.booking.TestBase.SearchResultPage.<init>(SearchResultPage.java:28)
	at com.bus.booking.TestBase.SearchResultPage.<init>(SearchResultPage.java:28)
	at com.bus.booking.TestBase.SearchResultPage.<init>(SearchResultPage.java:28)
	at com.bus.booking.TestBase.SearchResultPage.<init>(SearchResultPage.java:28)
	at com.bus.booking.TestBase.SearchResultPage.<init>(SearchResultPage.java:28)
	at com.bus.booking.TestBase.SearchResultPage.<init>(SearchResultPage.java:28)
	at com.bus.booking.TestBase.SearchResultPage.<init>(SearchResultPage.java:28)
	at com.bus.booking.TestBase.SearchResultPage.<init>(SearchResultPage.java:28)
	at com.bus.booking.TestBase.SearchResultPage.<init>(SearchResultPage.java:28)
	at com.bus.booking.TestBase.SearchResultPage.<init>(SearchResultPage.java:28)
	at com.bus.booking.TestBase.SearchResultPage.<init>(SearchResultPage.java:28)
	at com.bus.booking.TestBase.SearchResultPage.<init>(SearchResultPage.java:28)
	at com.bus.booking.TestBase.SearchResultPage.<init>(SearchResultPage.java:28)
	at com.bus.booking.TestBase.SearchResultPage.<init>(SearchResultPage.java:28)
	at com.bus.booking.TestBase.SearchResultPage.<init>(SearchResultPage.java:28)
	at com.bus.booking.TestBase.SearchResultPage.<init>(SearchResultPage.java:28)
	at com.bus.booking.TestBase.SearchResultPage.<init>(SearchResultPage.java:28)
	at com.bus.booking.TestBase.SearchResultPage.<init>(SearchResultPage.java:28)
	at com.bus.booking.TestBase.SearchResultPage.<init>(SearchResultPage.java:28)
	at com.bus.booking.TestBase.SearchResultPage.<init>(SearchResultPage.java:28)
	at com.bus.booking.TestBase.SearchResultPage.<init>(SearchResultPage.java:28)
	at com.bus.booking.TestBase.SearchResultPage.<init>(SearchResultPage.java:28)
	at com.bus.booking.TestBase.SearchResultPage.<init>(SearchResultPage.java:28)
	at com.bus.booking.TestBase.SearchResultPage.<init>(SearchResultPage.java:28)
	at com.bus.booking.TestBase.SearchResultPage.<init>(SearchResultPage.java:28)
	at com.bus.booking.TestBase.SearchResultPage.<init>(SearchResultPage.java:28)
	at com.bus.booking.TestBase.SearchResultPage.<init>(SearchResultPage.java:28)
	at com.bus.booking.TestBase.SearchResultPage.<init>(SearchResultPage.java:28)
	at com.bus.booking.TestBase.SearchResultPage.<init>(SearchResultPage.java:28)
	at com.bus.booking.TestBase.SearchResultPage.<init>(SearchResultPage.java:28)
	at com.bus.booking.TestBase.SearchResultPage.<init>(SearchResultPage.java:28)
	at com.bus.booking.TestBase.SearchResultPage.<init>(SearchResultPage.java:28)
	at com.bus.booking.TestBase.SearchResultPage.<init>(SearchResultPage.java:28)
	at com.bus.booking.TestBase.SearchResultPage.<init>(SearchResultPage.java:28)
	at com.bus.booking.TestBase.SearchResultPage.<init>(SearchResultPage.java:28)
	at com.bus.booking.TestBase.SearchResultPage.<init>(SearchResultPage.java:28)
	at com.bus.booking.TestBase.SearchResultPage.<init>(SearchResultPage.java:28)
	at com.bus.booking.TestBase.SearchResultPage.<init>(SearchResultPage.java:28)
	at com.bus.booking.TestBase.SearchResultPage.<init>(SearchResultPage.java:28)
	at com.bus.booking.TestBase.SearchResultPage.<init>(SearchResultPage.java:28)
	at com.bus.booking.TestBase.SearchResultPage.<init>(SearchResultPage.java:28)
	at com.bus.booking.TestBase.SearchResultPage.<init>(SearchResultPage.java:28)
	at com.bus.booking.TestBase.SearchResultPage.<init>(SearchResultPage.java:28)
	at com.bus.booking.TestBase.SearchResultPage.<init>(SearchResultPage.java:28)
	at com.bus.booking.TestBase.SearchResultPage.<init>(SearchResultPage.java:28)
	at com.bus.booking.TestBase.SearchResultPage.<init>(SearchResultPage.java:28)
	at com.bus.booking.TestBase.SearchResultPage.<init>(SearchResultPage.java:28)
	at com.bus.booking.TestBase.SearchResultPage.<init>(SearchResultPage.java:28)
	at com.bus.booking.TestBase.SearchResultPage.<init>(SearchResultPage.java:28)
	at com.bus.booking.TestBase.SearchResultPage.<init>(SearchResultPage.java:28)
	at com.bus.booking.TestBase.SearchResultPage.<init>(SearchResultPage.java:28)
	at com.bus.booking.TestBase.SearchResultPage.<init>(SearchResultPage.java:28)
	at com.bus.booking.TestBase.SearchResultPage.<init>(SearchResultPage.java:28)
	at com.bus.booking.TestBase.SearchResultPage.<init>(SearchResultPage.java:28)
	at com.bus.booking.TestBase.SearchResultPage.<init>(SearchResultPage.java:28)
	at com.bus.booking.TestBase.SearchResultPage.<init>(SearchResultPage.java:28)
	at com.bus.booking.TestBase.SearchResultPage.<init>(SearchResultPage.java:28)
	at com.bus.booking.TestBase.SearchResultPage.<init>(SearchResultPage.java:28)
	at com.bus.booking.TestBase.SearchResultPage.<init>(SearchResultPage.java:28)
	at com.bus.booking.TestBase.SearchResultPage.<init>(SearchResultPage.java:28)
	at com.bus.booking.TestBase.SearchResultPage.<init>(SearchResultPage.java:28)
	at com.bus.booking.TestBase.SearchResultPage.<init>(SearchResultPage.java:28)
	at com.bus.booking.TestBase.SearchResultPage.<init>(SearchResultPage.java:28)
	at com.bus.booking.TestBase.SearchResultPage.<init>(SearchResultPage.java:28)
	at com.bus.booking.TestBase.SearchResultPage.<init>(SearchResultPage.java:28)
	at com.bus.booking.TestBase.SearchResultPage.<init>(SearchResultPage.java:28)
	at com.bus.booking.TestBase.SearchResultPage.<init>(SearchResultPage.java:28)
	at com.bus.booking.TestBase.SearchResultPage.<init>(SearchResultPage.java:28)
	at com.bus.booking.TestBase.SearchResultPage.<init>(SearchResultPage.java:28)
	at com.bus.booking.TestBase.SearchResultPage.<init>(SearchResultPage.java:28)
	at com.bus.booking.TestBase.SearchResultPage.<init>(SearchResultPage.java:28)
	at com.bus.booking.TestBase.SearchResultPage.<init>(SearchResultPage.java:28)
	at com.bus.booking.TestBase.SearchResultPage.<init>(SearchResultPage.java:28)
	at com.bus.booking.TestBase.SearchResultPage.<init>(SearchResultPage.java:28)
	at com.bus.booking.TestBase.SearchResultPage.<init>(SearchResultPage.java:28)
	at com.bus.booking.TestBase.SearchResultPage.<init>(SearchResultPage.java:28)
	at com.bus.booking.TestBase.SearchResultPage.<init>(SearchResultPage.java:28)
	at com.bus.booking.TestBase.SearchResultPage.<init>(SearchResultPage.java:28)
	at com.bus.booking.TestBase.SearchResultPage.<init>(SearchResultPage.java:28)
	at com.bus.booking.TestBase.SearchResultPage.<init>(SearchResultPage.java:28)
	at com.bus.booking.TestBase.SearchResultPage.<init>(SearchResultPage.java:28)
	at com.bus.booking.TestBase.SearchResultPage.<init>(SearchResultPage.java:28)
	at com.bus.booking.TestBase.SearchResultPage.<init>(SearchResultPage.java:28)
	at com.bus.booking.TestBase.SearchResultPage.<init>(SearchResultPage.java:28)
	at com.bus.booking.TestBase.SearchResultPage.<init>(SearchResultPage.java:28)
	at com.bus.booking.TestBase.SearchResultPage.<init>(SearchResultPage.java:28)
	at com.bus.booking.TestBase.SearchResultPage.<init>(SearchResultPage.java:28)
	at com.bus.booking.TestBase.SearchResultPage.<init>(SearchResultPage.java:28)
	at com.bus.booking.TestBase.SearchResultPage.<init>(SearchResultPage.java:28)
	at com.bus.booking.TestBase.SearchResultPage.<init>(SearchResultPage.java:28)
	at com.bus.booking.TestBase.SearchResultPage.<init>(SearchResultPage.java:28)
	at com.bus.booking.TestBase.SearchResultPage.<init>(SearchResultPage.java:28)
	at com.bus.booking.TestBase.SearchResultPage.<init>(SearchResultPage.java:28)
	at com.bus.booking.TestBase.SearchResultPage.<init>(SearchResultPage.java:28)
	at com.bus.booking.TestBase.SearchResultPage.<init>(SearchResultPage.java:28)
	at com.bus.booking.TestBase.SearchResultPage.<init>(SearchResultPage.java:28)
	at com.bus.booking.TestBase.SearchResultPage.<init>(SearchResultPage.java:28)
	at com.bus.booking.TestBase.SearchResultPage.<init>(SearchResultPage.java:28)
	at com.bus.booking.TestBase.SearchResultPage.<init>(SearchResultPage.java:28)
	at com.bus.booking.TestBase.SearchResultPage.<init>(SearchResultPage.java:28)
	at com.bus.booking.TestBase.SearchResultPage.<init>(SearchResultPage.java:28)
	at com.bus.booking.TestBase.SearchResultPage.<init>(SearchResultPage.java:28)
	at com.bus.booking.TestBase.SearchResultPage.<init>(SearchResultPage.java:28)
	at com.bus.booking.TestBase.SearchResultPage.<init>(SearchResultPage.java:28)
	at com.bus.booking.TestBase.SearchResultPage.<init>(SearchResultPage.java:28)
	at com.bus.booking.TestBase.SearchResultPage.<init>(SearchResultPage.java:28)
	at com.bus.booking.TestBase.SearchResultPage.<init>(SearchResultPage.java:28)
	at com.bus.booking.TestBase.SearchResultPage.<init>(SearchResultPage.java:28)
	at com.bus.booking.TestBase.SearchResultPage.<init>(SearchResultPage.java:28)
	at com.bus.booking.TestBase.SearchResultPage.<init>(SearchResultPage.java:28)
	at com.bus.booking.TestBase.SearchResultPage.<init>(SearchResultPage.java:28)
	at com.bus.booking.TestBase.SearchResultPage.<init>(SearchResultPage.java:28)
	at com.bus.booking.TestBase.SearchResultPage.<init>(SearchResultPage.java:28)
	at com.bus.booking.TestBase.SearchResultPage.<init>(SearchResultPage.java:28)
	at com.bus.booking.TestBase.SearchResultPage.<init>(SearchResultPage.java:28)
	at com.bus.booking.TestBase.SearchResultPage.<init>(SearchResultPage.java:28)
	at com.bus.booking.TestBase.SearchResultPage.<init>(SearchResultPage.java:28)
	at com.bus.booking.TestBase.SearchResultPage.<init>(SearchResultPage.java:28)
	at com.bus.booking.TestBase.SearchResultPage.<init>(SearchResultPage.java:28)
	at com.bus.booking.TestBase.SearchResultPage.<init>(SearchResultPage.java:28)
	at com.bus.booking.TestBase.SearchResultPage.<init>(SearchResultPage.java:28)
	at com.bus.booking.TestBase.SearchResultPage.<init>(SearchResultPage.java:28)
	at com.bus.booking.TestBase.SearchResultPage.<init>(SearchResultPage.java:28)
	at com.bus.booking.TestBase.SearchResultPage.<init>(SearchResultPage.java:28)
	at com.bus.booking.TestBase.SearchResultPage.<init>(SearchResultPage.java:28)
	at com.bus.booking.TestBase.SearchResultPage.<init>(SearchResultPage.java:28)
	at com.bus.booking.TestBase.SearchResultPage.<init>(SearchResultPage.java:28)
	at com.bus.booking.TestBase.SearchResultPage.<init>(SearchResultPage.java:28)
	at com.bus.booking.TestBase.SearchResultPage.<init>(SearchResultPage.java:28)
	at com.bus.booking.TestBase.SearchResultPage.<init>(SearchResultPage.java:28)
	at com.bus.booking.TestBase.SearchResultPage.<init>(SearchResultPage.java:28)
	at com.bus.booking.TestBase.SearchResultPage.<init>(SearchResultPage.java:28)
	at com.bus.booking.TestBase.SearchResultPage.<init>(SearchResultPage.java:28)
	at com.bus.booking.TestBase.SearchResultPage.<init>(SearchResultPage.java:28)
	at com.bus.booking.TestBase.SearchResultPage.<init>(SearchResultPage.java:28)
	at com.bus.booking.TestBase.SearchResultPage.<init>(SearchResultPage.java:28)
	at com.bus.booking.TestBase.SearchResultPage.<init>(SearchResultPage.java:28)
	at com.bus.booking.TestBase.SearchResultPage.<init>(SearchResultPage.java:28)
	at com.bus.booking.TestBase.SearchResultPage.<init>(SearchResultPage.java:28)
	at com.bus.booking.TestBase.SearchResultPage.<init>(SearchResultPage.java:28)
	at com.bus.booking.TestBase.SearchResultPage.<init>(SearchResultPage.java:28)
	at com.bus.booking.TestBase.SearchResultPage.<init>(SearchResultPage.java:28)
	at com.bus.booking.TestBase.SearchResultPage.<init>(SearchResultPage.java:28)
	at com.bus.booking.TestBase.SearchResultPage.<init>(SearchResultPage.java:28)
	at com.bus.booking.TestBase.SearchResultPage.<init>(SearchResultPage.java:28)
	at com.bus.booking.TestBase.SearchResultPage.<init>(SearchResultPage.java:28)
	at com.bus.booking.TestBase.SearchResultPage.<init>(SearchResultPage.java:28)
	at com.bus.booking.TestBase.SearchResultPage.<init>(SearchResultPage.java:28)
	at com.bus.booking.TestBase.SearchResultPage.<init>(SearchResultPage.java:28)
	at com.bus.booking.TestBase.SearchResultPage.<init>(SearchResultPage.java:28)
	at com.bus.booking.TestBase.SearchResultPage.<init>(SearchResultPage.java:28)
	at com.bus.booking.TestBase.SearchResultPage.<init>(SearchResultPage.java:28)
	at com.bus.booking.TestBase.SearchResultPage.<init>(SearchResultPage.java:28)
	at com.bus.booking.TestBase.SearchResultPage.<init>(SearchResultPage.java:28)
	at com.bus.booking.TestBase.SearchResultPage.<init>(SearchResultPage.java:28)
	at com.bus.booking.TestBase.SearchResultPage.<init>(SearchResultPage.java:28)
	at com.bus.booking.TestBase.SearchResultPage.<init>(SearchResultPage.java:28)
	at com.bus.booking.TestBase.SearchResultPage.<init>(SearchResultPage.java:28)
	at com.bus.booking.TestBase.SearchResultPage.<init>(SearchResultPage.java:28)
	at com.bus.booking.TestBase.SearchResultPage.<init>(SearchResultPage.java:28)
	at com.bus.booking.TestBase.SearchResultPage.<init>(SearchResultPage.java:28)
	at com.bus.booking.TestBase.SearchResultPage.<init>(SearchResultPage.java:28)
	at com.bus.booking.TestBase.SearchResultPage.<init>(SearchResultPage.java:28)
	at com.bus.booking.TestBase.SearchResultPage.<init>(SearchResultPage.java:28)
	at com.bus.booking.TestBase.SearchResultPage.<init>(SearchResultPage.java:28)
	at com.bus.booking.TestBase.SearchResultPage.<init>(SearchResultPage.java:28)
	at com.bus.booking.TestBase.SearchResultPage.<init>(SearchResultPage.java:28)
	at com.bus.booking.TestBase.SearchResultPage.<init>(SearchResultPage.java:28)
	at com.bus.booking.TestBase.SearchResultPage.<init>(SearchResultPage.java:28)
	at com.bus.booking.TestBase.SearchResultPage.<init>(SearchResultPage.java:28)
	at com.bus.booking.TestBase.SearchResultPage.<init>(SearchResultPage.java:28)
	at com.bus.booking.TestBase.SearchResultPage.<init>(SearchResultPage.java:28)
	at com.bus.booking.TestBase.SearchResultPage.<init>(SearchResultPage.java:28)
	at com.bus.booking.TestBase.SearchResultPage.<init>(SearchResultPage.java:28)
	at com.bus.booking.TestBase.SearchResultPage.<init>(SearchResultPage.java:28)
	at com.bus.booking.TestBase.SearchResultPage.<init>(SearchResultPage.java:28)
	at com.bus.booking.TestBase.SearchResultPage.<init>(SearchResultPage.java:28)
	at com.bus.booking.TestBase.SearchResultPage.<init>(SearchResultPage.java:28)
	at com.bus.booking.TestBase.SearchResultPage.<init>(SearchResultPage.java:28)
	at com.bus.booking.TestBase.SearchResultPage.<init>(SearchResultPage.java:28)
	at com.bus.booking.TestBase.SearchResultPage.<init>(SearchResultPage.java:28)
	at com.bus.booking.TestBase.SearchResultPage.<init>(SearchResultPage.java:28)
	at com.bus.booking.TestBase.SearchResultPage.<init>(SearchResultPage.java:28)
	at com.bus.booking.TestBase.SearchResultPage.<init>(SearchResultPage.java:28)
	at com.bus.booking.TestBase.SearchResultPage.<init>(SearchResultPage.java:28)
	at com.bus.booking.TestBase.SearchResultPage.<init>(SearchResultPage.java:28)
	at com.bus.booking.TestBase.SearchResultPage.<init>(SearchResultPage.java:28)
	at com.bus.booking.TestBase.SearchResultPage.<init>(SearchResultPage.java:28)
	at com.bus.booking.TestBase.SearchResultPage.<init>(SearchResultPage.java:28)
	at com.bus.booking.TestBase.SearchResultPage.<init>(SearchResultPage.java:28)
	at com.bus.booking.TestBase.SearchResultPage.<init>(SearchResultPage.java:28)
	at com.bus.booking.TestBase.SearchResultPage.<init>(SearchResultPage.java:28)
	at com.bus.booking.TestBase.SearchResultPage.<init>(SearchResultPage.java:28)
	at com.bus.booking.TestBase.SearchResultPage.<init>(SearchResultPage.java:28)
	at com.bus.booking.TestBase.SearchResultPage.<init>(SearchResultPage.java:28)
	at com.bus.booking.TestBase.SearchResultPage.<init>(SearchResultPage.java:28)
	at com.bus.booking.TestBase.SearchResultPage.<init>(SearchResultPage.java:28)
	at com.bus.booking.TestBase.SearchResultPage.<init>(SearchResultPage.java:28)
	at com.bus.booking.TestBase.SearchResultPage.<init>(SearchResultPage.java:28)
	at com.bus.booking.TestBase.SearchResultPage.<init>(SearchResultPage.java:28)
	at com.bus.booking.TestBase.SearchResultPage.<init>(SearchResultPage.java:28)
	at com.bus.booking.TestBase.SearchResultPage.<init>(SearchResultPage.java:28)
	at com.bus.booking.TestBase.SearchResultPage.<init>(SearchResultPage.java:28)
	at com.bus.booking.TestBase.SearchResultPage.<init>(SearchResultPage.java:28)
	at com.bus.booking.TestBase.SearchResultPage.<init>(SearchResultPage.java:28)
	at com.bus.booking.TestBase.SearchResultPage.<init>(SearchResultPage.java:28)
	at com.bus.booking.TestBase.SearchResultPage.<init>(SearchResultPage.java:28)
	at com.bus.booking.TestBase.SearchResultPage.<init>(SearchResultPage.java:28)
	at com.bus.booking.TestBase.SearchResultPage.<init>(SearchResultPage.java:28)
	at com.bus.booking.TestBase.SearchResultPage.<init>(SearchResultPage.java:28)
	at com.bus.booking.TestBase.SearchResultPage.<init>(SearchResultPage.java:28)
	at com.bus.booking.TestBase.SearchResultPage.<init>(SearchResultPage.java:28)
	at com.bus.booking.TestBase.SearchResultPage.<init>(SearchResultPage.java:28)
	at com.bus.booking.TestBase.SearchResultPage.<init>(SearchResultPage.java:28)
	at com.bus.booking.TestBase.SearchResultPage.<init>(SearchResultPage.java:28)
	at com.bus.booking.TestBase.SearchResultPage.<init>(SearchResultPage.java:28)
	at com.bus.booking.TestBase.SearchResultPage.<init>(SearchResultPage.java:28)
	at com.bus.booking.TestBase.SearchResultPage.<init>(SearchResultPage.java:28)
	at com.bus.booking.TestBase.SearchResultPage.<init>(SearchResultPage.java:28)
	at com.bus.booking.TestBase.SearchResultPage.<init>(SearchResultPage.java:28)
	at com.bus.booking.TestBase.SearchResultPage.<init>(SearchResultPage.java:28)
	at com.bus.booking.TestBase.SearchResultPage.<init>(SearchResultPage.java:28)
	at com.bus.booking.TestBase.SearchResultPage.<init>(SearchResultPage.java:28)
	at com.bus.booking.TestBase.SearchResultPage.<init>(SearchResultPage.java:28)
	at com.bus.booking.TestBase.SearchResultPage.<init>(SearchResultPage.java:28)
	at com.bus.booking.TestBase.SearchResultPage.<init>(SearchResultPage.java:28)
	at com.bus.booking.TestBase.SearchResultPage.<init>(SearchResultPage.java:28)
	at com.bus.booking.TestBase.SearchResultPage.<init>(SearchResultPage.java:28)
	at com.bus.booking.TestBase.SearchResultPage.<init>(SearchResultPage.java:28)
	at com.bus.booking.TestBase.SearchResultPage.<init>(SearchResultPage.java:28)
	at com.bus.booking.TestBase.SearchResultPage.<init>(SearchResultPage.java:28)
	at com.bus.booking.TestBase.SearchResultPage.<init>(SearchResultPage.java:28)
	at com.bus.booking.TestBase.SearchResultPage.<init>(SearchResultPage.java:28)
	at com.bus.booking.TestBase.SearchResultPage.<init>(SearchResultPage.java:28)
	at com.bus.booking.TestBase.SearchResultPage.<init>(SearchResultPage.java:28)
	at com.bus.booking.TestBase.SearchResultPage.<init>(SearchResultPage.java:28)
	at com.bus.booking.TestBase.SearchResultPage.<init>(SearchResultPage.java:28)
	at com.bus.booking.TestBase.SearchResultPage.<init>(SearchResultPage.java:28)
	at com.bus.booking.TestBase.SearchResultPage.<init>(SearchResultPage.java:28)
	at com.bus.booking.TestBase.SearchResultPage.<init>(SearchResultPage.java:28)
	at com.bus.booking.TestBase.SearchResultPage.<init>(SearchResultPage.java:28)
	at com.bus.booking.TestBase.SearchResultPage.<init>(SearchResultPage.java:28)
	at com.bus.booking.TestBase.SearchResultPage.<init>(SearchResultPage.java:28)
	at com.bus.booking.TestBase.SearchResultPage.<init>(SearchResultPage.java:28)
	at com.bus.booking.TestBase.SearchResultPage.<init>(SearchResultPage.java:28)
	at com.bus.booking.TestBase.SearchResultPage.<init>(SearchResultPage.java:28)
	at com.bus.booking.TestBase.SearchResultPage.<init>(SearchResultPage.java:28)
	at com.bus.booking.TestBase.SearchResultPage.<init>(SearchResultPage.java:28)
	at com.bus.booking.TestBase.SearchResultPage.<init>(SearchResultPage.java:28)
	at com.bus.booking.TestBase.SearchResultPage.<init>(SearchResultPage.java:28)
	at com.bus.booking.TestBase.SearchResultPage.<init>(SearchResultPage.java:28)
	at com.bus.booking.TestBase.SearchResultPage.<init>(SearchResultPage.java:28)
	at com.bus.booking.TestBase.SearchResultPage.<init>(SearchResultPage.java:28)
	at com.bus.booking.TestBase.SearchResultPage.<init>(SearchResultPage.java:28)
	at com.bus.booking.TestBase.SearchResultPage.<init>(SearchResultPage.java:28)
	at com.bus.booking.TestBase.SearchResultPage.<init>(SearchResultPage.java:28)
	at com.bus.booking.TestBase.SearchResultPage.<init>(SearchResultPage.java:28)
	at com.bus.booking.TestBase.SearchResultPage.<init>(SearchResultPage.java:28)
	at com.bus.booking.TestBase.SearchResultPage.<init>(SearchResultPage.java:28)
	at com.bus.booking.TestBase.SearchResultPage.<init>(SearchResultPage.java:28)
	at com.bus.booking.TestBase.SearchResultPage.<init>(SearchResultPage.java:28)
	at com.bus.booking.TestBase.SearchResultPage.<init>(SearchResultPage.java:28)
	at com.bus.booking.TestBase.SearchResultPage.<init>(SearchResultPage.java:28)
	at com.bus.booking.TestBase.SearchResultPage.<init>(SearchResultPage.java:28)
	at com.bus.booking.TestBase.SearchResultPage.<init>(SearchResultPage.java:28)
	at com.bus.booking.TestBase.SearchResultPage.<init>(SearchResultPage.java:28)
	at com.bus.booking.TestBase.SearchResultPage.<init>(SearchResultPage.java:28)
	at com.bus.booking.TestBase.SearchResultPage.<init>(SearchResultPage.java:28)
	at com.bus.booking.TestBase.SearchResultPage.<init>(SearchResultPage.java:28)
	at com.bus.booking.TestBase.SearchResultPage.<init>(SearchResultPage.java:28)
	at com.bus.booking.TestBase.SearchResultPage.<init>(SearchResultPage.java:28)
	at com.bus.booking.TestBase.SearchResultPage.<init>(SearchResultPage.java:28)
	at com.bus.booking.TestBase.SearchResultPage.<init>(SearchResultPage.java:28)
	at com.bus.booking.TestBase.SearchResultPage.<init>(SearchResultPage.java:28)
	at com.bus.booking.TestBase.SearchResultPage.<init>(SearchResultPage.java:28)
	at com.bus.booking.TestBase.SearchResultPage.<init>(SearchResultPage.java:28)
	at com.bus.booking.TestBase.SearchResultPage.<init>(SearchResultPage.java:28)
	at com.bus.booking.TestBase.SearchResultPage.<init>(SearchResultPage.java:28)
	at com.bus.booking.TestBase.SearchResultPage.<init>(SearchResultPage.java:28)
	at com.bus.booking.TestBase.SearchResultPage.<init>(SearchResultPage.java:28)
	at com.bus.booking.TestBase.SearchResultPage.<init>(SearchResultPage.java:28)
	at com.bus.booking.TestBase.SearchResultPage.<init>(SearchResultPage.java:28)
	at com.bus.booking.TestBase.SearchResultPage.<init>(SearchResultPage.java:28)
	at com.bus.booking.TestBase.SearchResultPage.<init>(SearchResultPage.java:28)
	at com.bus.booking.TestBase.SearchResultPage.<init>(SearchResultPage.java:28)
	at com.bus.booking.TestBase.SearchResultPage.<init>(SearchResultPage.java:28)
	at com.bus.booking.TestBase.SearchResultPage.<init>(SearchResultPage.java:28)
	at com.bus.booking.TestBase.SearchResultPage.<init>(SearchResultPage.java:28)
	at com.bus.booking.TestBase.SearchResultPage.<init>(SearchResultPage.java:28)
	at com.bus.booking.TestBase.SearchResultPage.<init>(SearchResultPage.java:28)
	at com.bus.booking.TestBase.SearchResultPage.<init>(SearchResultPage.java:28)
	at com.bus.booking.TestBase.SearchResultPage.<init>(SearchResultPage.java:28)
	at com.bus.booking.TestBase.SearchResultPage.<init>(SearchResultPage.java:28)
	at com.bus.booking.TestBase.SearchResultPage.<init>(SearchResultPage.java:28)
	at com.bus.booking.TestBase.SearchResultPage.<init>(SearchResultPage.java:28)
	at com.bus.booking.TestBase.SearchResultPage.<init>(SearchResultPage.java:28)
	at com.bus.booking.TestBase.SearchResultPage.<init>(SearchResultPage.java:28)
	at com.bus.booking.TestBase.SearchResultPage.<init>(SearchResultPage.java:28)
	at com.bus.booking.TestBase.SearchResultPage.<init>(SearchResultPage.java:28)
	at com.bus.booking.TestBase.SearchResultPage.<init>(SearchResultPage.java:28)
	at com.bus.booking.TestBase.SearchResultPage.<init>(SearchResultPage.java:28)
	at com.bus.booking.TestBase.SearchResultPage.<init>(SearchResultPage.java:28)
	at com.bus.booking.TestBase.SearchResultPage.<init>(SearchResultPage.java:28)
	at com.bus.booking.TestBase.SearchResultPage.<init>(SearchResultPage.java:28)
	at com.bus.booking.TestBase.SearchResultPage.<init>(SearchResultPage.java:28)
	at com.bus.booking.TestBase.SearchResultPage.<init>(SearchResultPage.java:28)
	at com.bus.booking.TestBase.SearchResultPage.<init>(SearchResultPage.java:28)
	at com.bus.booking.TestBase.SearchResultPage.<init>(SearchResultPage.java:28)
	at com.bus.booking.TestBase.SearchResultPage.<init>(SearchResultPage.java:28)
	at com.bus.booking.TestBase.SearchResultPage.<init>(SearchResultPage.java:28)
	at com.bus.booking.TestBase.SearchResultPage.<init>(SearchResultPage.java:28)
	at com.bus.booking.TestBase.SearchResultPage.<init>(SearchResultPage.java:28)
	at com.bus.booking.TestBase.SearchResultPage.<init>(SearchResultPage.java:28)
	at com.bus.booking.TestBase.SearchResultPage.<init>(SearchResultPage.java:28)
	at com.bus.booking.TestBase.SearchResultPage.<init>(SearchResultPage.java:28)
	at com.bus.booking.TestBase.SearchResultPage.<init>(SearchResultPage.java:28)
	at com.bus.booking.TestBase.SearchResultPage.<init>(SearchResultPage.java:28)
	at com.bus.booking.TestBase.SearchResultPage.<init>(SearchResultPage.java:28)
	at com.bus.booking.TestBase.SearchResultPage.<init>(SearchResultPage.java:28)
	at com.bus.booking.TestBase.SearchResultPage.<init>(SearchResultPage.java:28)
	at com.bus.booking.TestBase.SearchResultPage.<init>(SearchResultPage.java:28)
	at com.bus.booking.TestBase.SearchResultPage.<init>(SearchResultPage.java:28)
	at com.bus.booking.TestBase.SearchResultPage.<init>(SearchResultPage.java:28)
	at com.bus.booking.TestBase.SearchResultPage.<init>(SearchResultPage.java:28)
	at com.bus.booking.TestBase.SearchResultPage.<init>(SearchResultPage.java:28)
	at com.bus.booking.TestBase.SearchResultPage.<init>(SearchResultPage.java:28)
	at com.bus.booking.TestBase.SearchResultPage.<init>(SearchResultPage.java:28)
	at com.bus.booking.TestBase.SearchResultPage.<init>(SearchResultPage.java:28)
	at com.bus.booking.TestBase.SearchResultPage.<init>(SearchResultPage.java:28)
	at com.bus.booking.TestBase.SearchResultPage.<init>(SearchResultPage.java:28)
	at com.bus.booking.TestBase.SearchResultPage.<init>(SearchResultPage.java:28)
	at com.bus.booking.TestBase.SearchResultPage.<init>(SearchResultPage.java:28)
	at com.bus.booking.TestBase.SearchResultPage.<init>(SearchResultPage.java:28)
	at com.bus.booking.TestBase.SearchResultPage.<init>(SearchResultPage.java:28)
	at com.bus.booking.TestBase.SearchResultPage.<init>(SearchResultPage.java:28)
	at com.bus.booking.TestBase.SearchResultPage.<init>(SearchResultPage.java:28)
	at com.bus.booking.TestBase.SearchResultPage.<init>(SearchResultPage.java:28)
	at com.bus.booking.TestBase.SearchResultPage.<init>(SearchResultPage.java:28)
	at com.bus.booking.TestBase.SearchResultPage.<init>(SearchResultPage.java:28)
	at com.bus.booking.TestBase.SearchResultPage.<init>(SearchResultPage.java:28)
	at com.bus.booking.TestBase.SearchResultPage.<init>(SearchResultPage.java:28)
	at com.bus.booking.TestBase.SearchResultPage.<init>(SearchResultPage.java:28)
	at com.bus.booking.TestBase.SearchResultPage.<init>(SearchResultPage.java:28)
	at com.bus.booking.TestBase.SearchResultPage.<init>(SearchResultPage.java:28)
	at com.bus.booking.TestBase.SearchResultPage.<init>(SearchResultPage.java:28)
	at com.bus.booking.TestBase.SearchResultPage.<init>(SearchResultPage.java:28)
	at com.bus.booking.TestBase.SearchResultPage.<init>(SearchResultPage.java:28)
	at com.bus.booking.TestBase.SearchResultPage.<init>(SearchResultPage.java:28)
	at com.bus.booking.TestBase.SearchResultPage.<init>(SearchResultPage.java:28)
	at com.bus.booking.TestBase.SearchResultPage.<init>(SearchResultPage.java:28)
	at com.bus.booking.TestBase.SearchResultPage.<init>(SearchResultPage.java:28)
	at com.bus.booking.TestBase.SearchResultPage.<init>(SearchResultPage.java:28)
	at com.bus.booking.TestBase.SearchResultPage.<init>(SearchResultPage.java:28)
	at com.bus.booking.TestBase.SearchResultPage.<init>(SearchResultPage.java:28)
	at com.bus.booking.TestBase.SearchResultPage.<init>(SearchResultPage.java:28)
	at com.bus.booking.TestBase.SearchResultPage.<init>(SearchResultPage.java:28)
	at com.bus.booking.TestBase.SearchResultPage.<init>(SearchResultPage.java:28)
	at com.bus.booking.TestBase.SearchResultPage.<init>(SearchResultPage.java:28)
	at com.bus.booking.TestBase.SearchResultPage.<init>(SearchResultPage.java:28)
	at com.bus.booking.TestBase.SearchResultPage.<init>(SearchResultPage.java:28)
	at com.bus.booking.TestBase.SearchResultPage.<init>(SearchResultPage.java:28)
	at com.bus.booking.TestBase.SearchResultPage.<init>(SearchResultPage.java:28)
	at com.bus.booking.TestBase.SearchResultPage.<init>(SearchResultPage.java:28)
	at com.bus.booking.TestBase.SearchResultPage.<init>(SearchResultPage.java:28)
	at com.bus.booking.TestBase.SearchResultPage.<init>(SearchResultPage.java:28)
	at com.bus.booking.TestBase.SearchResultPage.<init>(SearchResultPage.java:28)
	at com.bus.booking.TestBase.SearchResultPage.<init>(SearchResultPage.java:28)
	at com.bus.booking.TestBase.SearchResultPage.<init>(SearchResultPage.java:28)
	at com.bus.booking.TestBase.SearchResultPage.<init>(SearchResultPage.java:28)
	at com.bus.booking.TestBase.SearchResultPage.<init>(SearchResultPage.java:28)
	at com.bus.booking.TestBase.SearchResultPage.<init>(SearchResultPage.java:28)
	at com.bus.booking.TestBase.SearchResultPage.<init>(SearchResultPage.java:28)
	at com.bus.booking.TestBase.SearchResultPage.<init>(SearchResultPage.java:28)
	at com.bus.booking.TestBase.SearchResultPage.<init>(SearchResultPage.java:28)
	at com.bus.booking.TestBase.SearchResultPage.<init>(SearchResultPage.java:28)
	at com.bus.booking.TestBase.SearchResultPage.<init>(SearchResultPage.java:28)
	at com.bus.booking.TestBase.SearchResultPage.<init>(SearchResultPage.java:28)
	at com.bus.booking.TestBase.SearchResultPage.<init>(SearchResultPage.java:28)
	at com.bus.booking.TestBase.SearchResultPage.<init>(SearchResultPage.java:28)
	at com.bus.booking.TestBase.SearchResultPage.<init>(SearchResultPage.java:28)
	at com.bus.booking.TestBase.SearchResultPage.<init>(SearchResultPage.java:28)
	at com.bus.booking.TestBase.SearchResultPage.<init>(SearchResultPage.java:28)
	at com.bus.booking.TestBase.SearchResultPage.<init>(SearchResultPage.java:28)
	at com.bus.booking.TestBase.SearchResultPage.<init>(SearchResultPage.java:28)
	at com.bus.booking.TestBase.SearchResultPage.<init>(SearchResultPage.java:28)
	at com.bus.booking.TestBase.SearchResultPage.<init>(SearchResultPage.java:28)
	at com.bus.booking.TestBase.SearchResultPage.<init>(SearchResultPage.java:28)
	at com.bus.booking.TestBase.SearchResultPage.<init>(SearchResultPage.java:28)
	at com.bus.booking.TestBase.SearchResultPage.<init>(SearchResultPage.java:28)
	at com.bus.booking.TestBase.SearchResultPage.<init>(SearchResultPage.java:28)
	at com.bus.booking.TestBase.SearchResultPage.<init>(SearchResultPage.java:28)
	at com.bus.booking.TestBase.SearchResultPage.<init>(SearchResultPage.java:28)
	at com.bus.booking.TestBase.SearchResultPage.<init>(SearchResultPage.java:28)
	at com.bus.booking.TestBase.SearchResultPage.<init>(SearchResultPage.java:28)
	at com.bus.booking.TestBase.SearchResultPage.<init>(SearchResultPage.java:28)
	at com.bus.booking.TestBase.SearchResultPage.<init>(SearchResultPage.java:28)
	at com.bus.booking.TestBase.SearchResultPage.<init>(SearchResultPage.java:28)
	at com.bus.booking.TestBase.SearchResultPage.<init>(SearchResultPage.java:28)
	at com.bus.booking.TestBase.SearchResultPage.<init>(SearchResultPage.java:28)
	at com.bus.booking.TestBase.SearchResultPage.<init>(SearchResultPage.java:28)
	at com.bus.booking.TestBase.SearchResultPage.<init>(SearchResultPage.java:28)
	at com.bus.booking.TestBase.SearchResultPage.<init>(SearchResultPage.java:28)
	at com.bus.booking.TestBase.SearchResultPage.<init>(SearchResultPage.java:28)
	at com.bus.booking.TestBase.SearchResultPage.<init>(SearchResultPage.java:28)
	at com.bus.booking.TestBase.SearchResultPage.<init>(SearchResultPage.java:28)
	at com.bus.booking.TestBase.SearchResultPage.<init>(SearchResultPage.java:28)
	at com.bus.booking.TestBase.SearchResultPage.<init>(SearchResultPage.java:28)
	at com.bus.booking.TestBase.SearchResultPage.<init>(SearchResultPage.java:28)
	at com.bus.booking.TestBase.SearchResultPage.<init>(SearchResultPage.java:28)
	at com.bus.booking.TestBase.SearchResultPage.<init>(SearchResultPage.java:28)
	at com.bus.booking.TestBase.SearchResultPage.<init>(SearchResultPage.java:28)
	at com.bus.booking.TestBase.SearchResultPage.<init>(SearchResultPage.java:28)
	at com.bus.booking.TestBase.SearchResultPage.<init>(SearchResultPage.java:28)
	at com.bus.booking.TestBase.SearchResultPage.<init>(SearchResultPage.java:28)
	at com.bus.booking.TestBase.SearchResultPage.<init>(SearchResultPage.java:28)
	at com.bus.booking.TestBase.SearchResultPage.<init>(SearchResultPage.java:28)
	at com.bus.booking.TestBase.SearchResultPage.<init>(SearchResultPage.java:28)
	at com.bus.booking.TestBase.SearchResultPage.<init>(SearchResultPage.java:28)
	at com.bus.booking.TestBase.SearchResultPage.<init>(SearchResultPage.java:28)
	at com.bus.booking.TestBase.SearchResultPage.<init>(SearchResultPage.java:28)
	at com.bus.booking.TestBase.SearchResultPage.<init>(SearchResultPage.java:28)
	at com.bus.booking.TestBase.SearchResultPage.<init>(SearchResultPage.java:28)
	at com.bus.booking.TestBase.SearchResultPage.<init>(SearchResultPage.java:28)
	at com.bus.booking.TestBase.SearchResultPage.<init>(SearchResultPage.java:28)
	at com.bus.booking.TestBase.SearchResultPage.<init>(SearchResultPage.java:28)
	at com.bus.booking.TestBase.SearchResultPage.<init>(SearchResultPage.java:28)
	at com.bus.booking.TestBase.SearchResultPage.<init>(SearchResultPage.java:28)
	at com.bus.booking.TestBase.SearchResultPage.<init>(SearchResultPage.java:28)
	at com.bus.booking.TestBase.SearchResultPage.<init>(SearchResultPage.java:28)
	at com.bus.booking.TestBase.SearchResultPage.<init>(SearchResultPage.java:28)
	at com.bus.booking.TestBase.SearchResultPage.<init>(SearchResultPage.java:28)
	at com.bus.booking.TestBase.SearchResultPage.<init>(SearchResultPage.java:28)
	at com.bus.booking.TestBase.SearchResultPage.<init>(SearchResultPage.java:28)
	at com.bus.booking.TestBase.SearchResultPage.<init>(SearchResultPage.java:28)
	at com.bus.booking.TestBase.SearchResultPage.<init>(SearchResultPage.java:28)
	at com.bus.booking.TestBase.SearchResultPage.<init>(SearchResultPage.java:28)
	at com.bus.booking.TestBase.SearchResultPage.<init>(SearchResultPage.java:28)
	at com.bus.booking.TestBase.SearchResultPage.<init>(SearchResultPage.java:28)
	at com.bus.booking.TestBase.SearchResultPage.<init>(SearchResultPage.java:28)
	at com.bus.booking.TestBase.SearchResultPage.<init>(SearchResultPage.java:28)
	at com.bus.booking.TestBase.SearchResultPage.<init>(SearchResultPage.java:28)
	at com.bus.booking.TestBase.SearchResultPage.<init>(SearchResultPage.java:28)
	at com.bus.booking.TestBase.SearchResultPage.<init>(SearchResultPage.java:28)
	at com.bus.booking.TestBase.SearchResultPage.<init>(SearchResultPage.java:28)
	at com.bus.booking.TestBase.SearchResultPage.<init>(SearchResultPage.java:28)
	at com.bus.booking.TestBase.SearchResultPage.<init>(SearchResultPage.java:28)
	at com.bus.booking.TestBase.SearchResultPage.<init>(SearchResultPage.java:28)
	at com.bus.booking.TestBase.SearchResultPage.<init>(SearchResultPage.java:28)
	at com.bus.booking.TestBase.SearchResultPage.<init>(SearchResultPage.java:28)
	at com.bus.booking.TestBase.SearchResultPage.<init>(SearchResultPage.java:28)
	at com.bus.booking.TestBase.SearchResultPage.<init>(SearchResultPage.java:28)
	at com.bus.booking.TestBase.SearchResultPage.<init>(SearchResultPage.java:28)
	at com.bus.booking.TestBase.SearchResultPage.<init>(SearchResultPage.java:28)
	at com.bus.booking.TestBase.SearchResultPage.<init>(SearchResultPage.java:28)
	at com.bus.booking.TestBase.SearchResultPage.<init>(SearchResultPage.java:28)
	at com.bus.booking.TestBase.SearchResultPage.<init>(SearchResultPage.java:28)
	at com.bus.booking.TestBase.SearchResultPage.<init>(SearchResultPage.java:28)
	at com.bus.booking.TestBase.SearchResultPage.<init>(SearchResultPage.java:28)
	at com.bus.booking.TestBase.SearchResultPage.<init>(SearchResultPage.java:28)
	at com.bus.booking.TestBase.SearchResultPage.<init>(SearchResultPage.java:28)
	at com.bus.booking.TestBase.SearchResultPage.<init>(SearchResultPage.java:28)
	at com.bus.booking.TestBase.SearchResultPage.<init>(SearchResultPage.java:28)
	at com.bus.booking.TestBase.SearchResultPage.<init>(SearchResultPage.java:28)
	at com.bus.booking.TestBase.SearchResultPage.<init>(SearchResultPage.java:28)
	at com.bus.booking.TestBase.SearchResultPage.<init>(SearchResultPage.java:28)
	at com.bus.booking.TestBase.SearchResultPage.<init>(SearchResultPage.java:28)
	at com.bus.booking.TestBase.SearchResultPage.<init>(SearchResultPage.java:28)
	at com.bus.booking.TestBase.SearchResultPage.<init>(SearchResultPage.java:28)
	at com.bus.booking.TestBase.SearchResultPage.<init>(SearchResultPage.java:28)
	at com.bus.booking.TestBase.SearchResultPage.<init>(SearchResultPage.java:28)
	at com.bus.booking.TestBase.SearchResultPage.<init>(SearchResultPage.java:28)
	at com.bus.booking.TestBase.SearchResultPage.<init>(SearchResultPage.java:28)
	at com.bus.booking.TestBase.SearchResultPage.<init>(SearchResultPage.java:28)
	at com.bus.booking.TestBase.SearchResultPage.<init>(SearchResultPage.java:28)
	at com.bus.booking.TestBase.SearchResultPage.<init>(SearchResultPage.java:28)
	at com.bus.booking.TestBase.SearchResultPage.<init>(SearchResultPage.java:28)
	at com.bus.booking.TestBase.SearchResultPage.<init>(SearchResultPage.java:28)
	at com.bus.booking.TestBase.SearchResultPage.<init>(SearchResultPage.java:28)
	at com.bus.booking.TestBase.SearchResultPage.<init>(SearchResultPage.java:28)
	at com.bus.booking.TestBase.SearchResultPage.<init>(SearchResultPage.java:28)
	at com.bus.booking.TestBase.SearchResultPage.<init>(SearchResultPage.java:28)
	at com.bus.booking.TestBase.SearchResultPage.<init>(SearchResultPage.java:28)
	at com.bus.booking.TestBase.SearchResultPage.<init>(SearchResultPage.java:28)
	at com.bus.booking.TestBase.SearchResultPage.<init>(SearchResultPage.java:28)
	at com.bus.booking.TestBase.SearchResultPage.<init>(SearchResultPage.java:28)
	at com.bus.booking.TestBase.SearchResultPage.<init>(SearchResultPage.java:28)
	at com.bus.booking.TestBase.SearchResultPage.<init>(SearchResultPage.java:28)
	at com.bus.booking.TestBase.SearchResultPage.<init>(SearchResultPage.java:28)
	at com.bus.booking.TestBase.SearchResultPage.<init>(SearchResultPage.java:28)
	at com.bus.booking.TestBase.SearchResultPage.<init>(SearchResultPage.java:28)
	at com.bus.booking.TestBase.SearchResultPage.<init>(SearchResultPage.java:28)
	at com.bus.booking.TestBase.SearchResultPage.<init>(SearchResultPage.java:28)
	at com.bus.booking.TestBase.SearchResultPage.<init>(SearchResultPage.java:28)
	at com.bus.booking.TestBase.SearchResultPage.<init>(SearchResultPage.java:28)
	at com.bus.booking.TestBase.SearchResultPage.<init>(SearchResultPage.java:28)
	at com.bus.booking.TestBase.SearchResultPage.<init>(SearchResultPage.java:28)
	at com.bus.booking.TestBase.SearchResultPage.<init>(SearchResultPage.java:28)
	at com.bus.booking.TestBase.SearchResultPage.<init>(SearchResultPage.java:28)
	at com.bus.booking.TestBase.SearchResultPage.<init>(SearchResultPage.java:28)
	at com.bus.booking.TestBase.SearchResultPage.<init>(SearchResultPage.java:28)
	at com.bus.booking.TestBase.SearchResultPage.<init>(SearchResultPage.java:28)
	at com.bus.booking.TestBase.SearchResultPage.<init>(SearchResultPage.java:28)
	at com.bus.booking.TestBase.SearchResultPage.<init>(SearchResultPage.java:28)
	at com.bus.booking.TestBase.SearchResultPage.<init>(SearchResultPage.java:28)
	at com.bus.booking.TestBase.SearchResultPage.<init>(SearchResultPage.java:28)
	at com.bus.booking.TestBase.SearchResultPage.<init>(SearchResultPage.java:28)
	at com.bus.booking.TestBase.SearchResultPage.<init>(SearchResultPage.java:28)
	at com.bus.booking.TestBase.SearchResultPage.<init>(SearchResultPage.java:28)
	at com.bus.booking.TestBase.SearchResultPage.<init>(SearchResultPage.java:28)
	at com.bus.booking.TestBase.SearchResultPage.<init>(SearchResultPage.java:28)
	at com.bus.booking.TestBase.SearchResultPage.<init>(SearchResultPage.java:28)
	at com.bus.booking.TestBase.SearchResultPage.<init>(SearchResultPage.java:28)
	at com.bus.booking.TestBase.SearchResultPage.<init>(SearchResultPage.java:28)
	at com.bus.booking.TestBase.SearchResultPage.<init>(SearchResultPage.java:28)
	at com.bus.booking.TestBase.SearchResultPage.<init>(SearchResultPage.java:28)
	at com.bus.booking.TestBase.SearchResultPage.<init>(SearchResultPage.java:28)
	at com.bus.booking.TestBase.SearchResultPage.<init>(SearchResultPage.java:28)
	at com.bus.booking.TestBase.SearchResultPage.<init>(SearchResultPage.java:28)
	at com.bus.booking.TestBase.SearchResultPage.<init>(SearchResultPage.java:28)
	at com.bus.booking.TestBase.SearchResultPage.<init>(SearchResultPage.java:28)
	at com.bus.booking.TestBase.SearchResultPage.<init>(SearchResultPage.java:28)
	at com.bus.booking.TestBase.SearchResultPage.<init>(SearchResultPage.java:28)
	at com.bus.booking.TestBase.SearchResultPage.<init>(SearchResultPage.java:28)
	at com.bus.booking.TestBase.SearchResultPage.<init>(SearchResultPage.java:28)
	at com.bus.booking.TestBase.SearchResultPage.<init>(SearchResultPage.java:28)
	at com.bus.booking.TestBase.SearchResultPage.<init>(SearchResultPage.java:28)
	at com.bus.booking.TestBase.SearchResultPage.<init>(SearchResultPage.java:28)
	at com.bus.booking.TestBase.SearchResultPage.<init>(SearchResultPage.java:28)
	at com.bus.booking.TestBase.SearchResultPage.<init>(SearchResultPage.java:28)
	at com.bus.booking.TestBase.SearchResultPage.<init>(SearchResultPage.java:28)
	at com.bus.booking.TestBase.SearchResultPage.<init>(SearchResultPage.java:28)
	at com.bus.booking.TestBase.SearchResultPage.<init>(SearchResultPage.java:28)
	at com.bus.booking.TestBase.SearchResultPage.<init>(SearchResultPage.java:28)
	at com.bus.booking.TestBase.SearchResultPage.<init>(SearchResultPage.java:28)
	at com.bus.booking.TestBase.SearchResultPage.<init>(SearchResultPage.java:28)
	at com.bus.booking.TestBase.SearchResultPage.<init>(SearchResultPage.java:28)
	at com.bus.booking.TestBase.SearchResultPage.<init>(SearchResultPage.java:28)
	at com.bus.booking.TestBase.SearchResultPage.<init>(SearchResultPage.java:28)
	at com.bus.booking.TestBase.SearchResultPage.<init>(SearchResultPage.java:28)
	at com.bus.booking.TestBase.SearchResultPage.<init>(SearchResultPage.java:28)
	at com.bus.booking.TestBase.SearchResultPage.<init>(SearchResultPage.java:28)
	at com.bus.booking.TestBase.SearchResultPage.<init>(SearchResultPage.java:28)
	at com.bus.booking.TestBase.SearchResultPage.<init>(SearchResultPage.java:28)
	at com.bus.booking.TestBase.SearchResultPage.<init>(SearchResultPage.java:28)
	at com.bus.booking.TestBase.SearchResultPage.<init>(SearchResultPage.java:28)
	at com.bus.booking.TestBase.SearchResultPage.<init>(SearchResultPage.java:28)
	at com.bus.booking.TestBase.SearchResultPage.<init>(SearchResultPage.java:28)
	at com.bus.booking.TestBase.SearchResultPage.<init>(SearchResultPage.java:28)
	at com.bus.booking.TestBase.SearchResultPage.<init>(SearchResultPage.java:28)
	at com.bus.booking.TestBase.SearchResultPage.<init>(SearchResultPage.java:28)
	at com.bus.booking.TestBase.SearchResultPage.<init>(SearchResultPage.java:28)
	at com.bus.booking.TestBase.SearchResultPage.<init>(SearchResultPage.java:28)
	at com.bus.booking.TestBase.SearchResultPage.<init>(SearchResultPage.java:28)
	at com.bus.booking.TestBase.SearchResultPage.<init>(SearchResultPage.java:28)
	at com.bus.booking.TestBase.SearchResultPage.<init>(SearchResultPage.java:28)
	at com.bus.booking.TestBase.SearchResultPage.<init>(SearchResultPage.java:28)
	at com.bus.booking.TestBase.SearchResultPage.<init>(SearchResultPage.java:28)
	at com.bus.booking.TestBase.SearchResultPage.<init>(SearchResultPage.java:28)
	at com.bus.booking.TestBase.SearchResultPage.<init>(SearchResultPage.java:28)
	at com.bus.booking.TestBase.SearchResultPage.<init>(SearchResultPage.java:28)
	at com.bus.booking.TestBase.SearchResultPage.<init>(SearchResultPage.java:28)
	at com.bus.booking.TestBase.SearchResultPage.<init>(SearchResultPage.java:28)
	at com.bus.booking.TestBase.SearchResultPage.<init>(SearchResultPage.java:28)
	at com.bus.booking.TestBase.SearchResultPage.<init>(SearchResultPage.java:28)
	at com.bus.booking.TestBase.SearchResultPage.<init>(SearchResultPage.java:28)
	at com.bus.booking.TestBase.SearchResultPage.<init>(SearchResultPage.java:28)
	at com.bus.booking.TestBase.SearchResultPage.<init>(SearchResultPage.java:28)
	at com.bus.booking.TestBase.SearchResultPage.<init>(SearchResultPage.java:28)
	at com.bus.booking.TestBase.SearchResultPage.<init>(SearchResultPage.java:28)
	at com.bus.booking.TestBase.SearchResultPage.<init>(SearchResultPage.java:28)
	at com.bus.booking.TestBase.SearchResultPage.<init>(SearchResultPage.java:28)
	at com.bus.booking.TestBase.SearchResultPage.<init>(SearchResultPage.java:28)
	at com.bus.booking.TestBase.SearchResultPage.<init>(SearchResultPage.java:28)
	at com.bus.booking.TestBase.SearchResultPage.<init>(SearchResultPage.java:28)
	at com.bus.booking.TestBase.SearchResultPage.<init>(SearchResultPage.java:28)
	at com.bus.booking.TestBase.SearchResultPage.<init>(SearchResultPage.java:28)
	at com.bus.booking.TestBase.SearchResultPage.<init>(SearchResultPage.java:28)
	at com.bus.booking.TestBase.SearchResultPage.<init>(SearchResultPage.java:28)
	at com.bus.booking.TestBase.SearchResultPage.<init>(SearchResultPage.java:28)
	at com.bus.booking.TestBase.SearchResultPage.<init>(SearchResultPage.java:28)
	at com.bus.booking.TestBase.SearchResultPage.<init>(SearchResultPage.java:28)
	at com.bus.booking.TestBase.SearchResultPage.<init>(SearchResultPage.java:28)
	at com.bus.booking.TestBase.SearchResultPage.<init>(SearchResultPage.java:28)
	at com.bus.booking.TestBase.SearchResultPage.<init>(SearchResultPage.java:28)
	at com.bus.booking.TestBase.SearchResultPage.<init>(SearchResultPage.java:28)
	at com.bus.booking.TestBase.SearchResultPage.<init>(SearchResultPage.java:28)
	at com.bus.booking.TestBase.SearchResultPage.<init>(SearchResultPage.java:28)
	at com.bus.booking.TestBase.SearchResultPage.<init>(SearchResultPage.java:28)
	at com.bus.booking.TestBase.SearchResultPage.<init>(SearchResultPage.java:28)
	at com.bus.booking.TestBase.SearchResultPage.<init>(SearchResultPage.java:28)
	at com.bus.booking.TestBase.SearchResultPage.<init>(SearchResultPage.java:28)
	at com.bus.booking.TestBase.SearchResultPage.<init>(SearchResultPage.java:28)
	at com.bus.booking.TestBase.SearchResultPage.<init>(SearchResultPage.java:28)
	at com.bus.booking.TestBase.SearchResultPage.<init>(SearchResultPage.java:28)
	at com.bus.booking.TestBase.SearchResultPage.<init>(SearchResultPage.java:28)
	at com.bus.booking.TestBase.SearchResultPage.<init>(SearchResultPage.java:28)
	at com.bus.booking.TestBase.SearchResultPage.<init>(SearchResultPage.java:28)
	at com.bus.booking.TestBase.SearchResultPage.<init>(SearchResultPage.java:28)
	at com.bus.booking.TestBase.SearchResultPage.<init>(SearchResultPage.java:28)
	at com.bus.booking.TestBase.SearchResultPage.<init>(SearchResultPage.java:28)
	at com.bus.booking.TestBase.SearchResultPage.<init>(SearchResultPage.java:28)
	at com.bus.booking.TestBase.SearchResultPage.<init>(SearchResultPage.java:28)
	at com.bus.booking.TestBase.SearchResultPage.<init>(SearchResultPage.java:28)
	at com.bus.booking.TestBase.SearchResultPage.<init>(SearchResultPage.java:28)
	at com.bus.booking.TestBase.SearchResultPage.<init>(SearchResultPage.java:28)
	at com.bus.booking.TestBase.SearchResultPage.<init>(SearchResultPage.java:28)
	at com.bus.booking.TestBase.SearchResultPage.<init>(SearchResultPage.java:28)
	at com.bus.booking.TestBase.SearchResultPage.<init>(SearchResultPage.java:28)
	at com.bus.booking.TestBase.SearchResultPage.<init>(SearchResultPage.java:28)
	at com.bus.booking.TestBase.SearchResultPage.<init>(SearchResultPage.java:28)
	at com.bus.booking.TestBase.SearchResultPage.<init>(SearchResultPage.java:28)
	at com.bus.booking.TestBase.SearchResultPage.<init>(SearchResultPage.java:28)
	at com.bus.booking.TestBase.SearchResultPage.<init>(SearchResultPage.java:28)
	at com.bus.booking.TestBase.SearchResultPage.<init>(SearchResultPage.java:28)
	at com.bus.booking.TestBase.SearchResultPage.<init>(SearchResultPage.java:28)
	at com.bus.booking.TestBase.SearchResultPage.<init>(SearchResultPage.java:28)
	at com.bus.booking.TestBase.SearchResultPage.<init>(SearchResultPage.java:28)
	at com.bus.booking.TestBase.SearchResultPage.<init>(SearchResultPage.java:28)
	at com.bus.booking.TestBase.SearchResultPage.<init>(SearchResultPage.java:28)
	at com.bus.booking.TestBase.SearchResultPage.<init>(SearchResultPage.java:28)
	at com.bus.booking.TestBase.SearchResultPage.<init>(SearchResultPage.java:28)
	at com.bus.booking.TestBase.SearchResultPage.<init>(SearchResultPage.java:28)
	at com.bus.booking.TestBase.SearchResultPage.<init>(SearchResultPage.java:28)
	at com.bus.booking.TestBase.SearchResultPage.<init>(SearchResultPage.java:28)
	at com.bus.booking.TestBase.SearchResultPage.<init>(SearchResultPage.java:28)
	at com.bus.booking.TestBase.SearchResultPage.<init>(SearchResultPage.java:28)
	at com.bus.booking.TestBase.SearchResultPage.<init>(SearchResultPage.java:28)
	at com.bus.booking.TestBase.SearchResultPage.<init>(SearchResultPage.java:28)
	at com.bus.booking.TestBase.SearchResultPage.<init>(SearchResultPage.java:28)
	at com.bus.booking.TestBase.SearchResultPage.<init>(SearchResultPage.java:28)
	at com.bus.booking.TestBase.SearchResultPage.<init>(SearchResultPage.java:28)
	at com.bus.booking.TestBase.SearchResultPage.<init>(SearchResultPage.java:28)
	at com.bus.booking.TestBase.SearchResultPage.<init>(SearchResultPage.java:28)
	at com.bus.booking.TestBase.SearchResultPage.<init>(SearchResultPage.java:28)
	at com.bus.booking.TestBase.SearchResultPage.<init>(SearchResultPage.java:28)
	at com.bus.booking.TestBase.SearchResultPage.<init>(SearchResultPage.java:28)
	at com.bus.booking.TestBase.SearchResultPage.<init>(SearchResultPage.java:28)
	at com.bus.booking.TestBase.SearchResultPage.<init>(SearchResultPage.java:28)
	at com.bus.booking.TestBase.SearchResultPage.<init>(SearchResultPage.java:28)
	at com.bus.booking.TestBase.SearchResultPage.<init>(SearchResultPage.java:28)
	at com.bus.booking.TestBase.SearchResultPage.<init>(SearchResultPage.java:28)
	at com.bus.booking.TestBase.SearchResultPage.<init>(SearchResultPage.java:28)
	at com.bus.booking.TestBase.SearchResultPage.<init>(SearchResultPage.java:28)
	at com.bus.booking.TestBase.SearchResultPage.<init>(SearchResultPage.java:28)
	at com.bus.booking.TestBase.SearchResultPage.<init>(SearchResultPage.java:28)
	at com.bus.booking.TestBase.SearchResultPage.<init>(SearchResultPage.java:28)
	at com.bus.booking.TestBase.SearchResultPage.<init>(SearchResultPage.java:28)
	at com.bus.booking.TestBase.SearchResultPage.<init>(SearchResultPage.java:28)
	at com.bus.booking.TestBase.SearchResultPage.<init>(SearchResultPage.java:28)
	at com.bus.booking.TestBase.SearchResultPage.<init>(SearchResultPage.java:28)
	at com.bus.booking.TestBase.SearchResultPage.<init>(SearchResultPage.java:28)
	at com.bus.booking.TestBase.SearchResultPage.<init>(SearchResultPage.java:28)
	at com.bus.booking.TestBase.SearchResultPage.<init>(SearchResultPage.java:28)
	at com.bus.booking.TestBase.SearchResultPage.<init>(SearchResultPage.java:28)
	at com.bus.booking.TestBase.SearchResultPage.<init>(SearchResultPage.java:28)
	at com.bus.booking.TestBase.SearchResultPage.<init>(SearchResultPage.java:28)
	at com.bus.booking.TestBase.SearchResultPage.<init>(SearchResultPage.java:28)
	at com.bus.booking.TestBase.SearchResultPage.<init>(SearchResultPage.java:28)
	at com.bus.booking.TestBase.SearchResultPage.<init>(SearchResultPage.java:28)
	at com.bus.booking.TestBase.SearchResultPage.<init>(SearchResultPage.java:28)
	at com.bus.booking.TestBase.SearchResultPage.<init>(SearchResultPage.java:28)
	at com.bus.booking.TestBase.SearchResultPage.<init>(SearchResultPage.java:28)
	at com.bus.booking.TestBase.SearchResultPage.<init>(SearchResultPage.java:28)
	at com.bus.booking.TestBase.SearchResultPage.<init>(SearchResultPage.java:28)
	at com.bus.booking.TestBase.SearchResultPage.<init>(SearchResultPage.java:28)
	at com.bus.booking.TestBase.SearchResultPage.<init>(SearchResultPage.java:28)
	at com.bus.booking.TestBase.SearchResultPage.<init>(SearchResultPage.java:28)
	at com.bus.booking.TestBase.SearchResultPage.<init>(SearchResultPage.java:28)
	at com.bus.booking.TestBase.SearchResultPage.<init>(SearchResultPage.java:28)
	at com.bus.booking.TestBase.SearchResultPage.<init>(SearchResultPage.java:28)
	at com.bus.booking.TestBase.SearchResultPage.<init>(SearchResultPage.java:28)
	at com.bus.booking.TestBase.SearchResultPage.<init>(SearchResultPage.java:28)
	at com.bus.booking.TestBase.SearchResultPage.<init>(SearchResultPage.java:28)
	at com.bus.booking.TestBase.SearchResultPage.<init>(SearchResultPage.java:28)
	at com.bus.booking.TestBase.SearchResultPage.<init>(SearchResultPage.java:28)
	at com.bus.booking.TestBase.SearchResultPage.<init>(SearchResultPage.java:28)
	at com.bus.booking.TestBase.SearchResultPage.<init>(SearchResultPage.java:28)
	at com.bus.booking.TestBase.SearchResultPage.<init>(SearchResultPage.java:28)
	at com.bus.booking.TestBase.SearchResultPage.<init>(SearchResultPage.java:28)
	at com.bus.booking.TestBase.SearchResultPage.<init>(SearchResultPage.java:28)
	at com.bus.booking.TestBase.SearchResultPage.<init>(SearchResultPage.java:28)
	at com.bus.booking.TestBase.SearchResultPage.<init>(SearchResultPage.java:28)
	at com.bus.booking.TestBase.SearchResultPage.<init>(SearchResultPage.java:28)
	at com.bus.booking.TestBase.SearchResultPage.<init>(SearchResultPage.java:28)
	at com.bus.booking.TestBase.SearchResultPage.<init>(SearchResultPage.java:28)
	at com.bus.booking.TestBase.SearchResultPage.<init>(SearchResultPage.java:28)
	at com.bus.booking.TestBase.SearchResultPage.<init>(SearchResultPage.java:28)
	at com.bus.booking.TestBase.SearchResultPage.<init>(SearchResultPage.java:28)
	at com.bus.booking.TestBase.SearchResultPage.<init>(SearchResultPage.java:28)
	at com.bus.booking.TestBase.SearchResultPage.<init>(SearchResultPage.java:28)
	at com.bus.booking.TestBase.SearchResultPage.<init>(SearchResultPage.java:28)
	at com.bus.booking.TestBase.SearchResultPage.<init>(SearchResultPage.java:28)
	at com.bus.booking.TestBase.SearchResultPage.<init>(SearchResultPage.java:28)
	at com.bus.booking.TestBase.SearchResultPage.<init>(SearchResultPage.java:28)
	at com.bus.booking.TestBase.SearchResultPage.<init>(SearchResultPage.java:28)
	at com.bus.booking.TestBase.SearchResultPage.<init>(SearchResultPage.java:28)
	at com.bus.booking.TestBase.SearchResultPage.<init>(SearchResultPage.java:28)
	at com.bus.booking.TestBase.SearchResultPage.<init>(SearchResultPage.java:28)
	at com.bus.booking.TestBase.SearchResultPage.<init>(SearchResultPage.java:28)
	at com.bus.booking.TestBase.SearchResultPage.<init>(SearchResultPage.java:28)
	at com.bus.booking.TestBase.SearchResultPage.<init>(SearchResultPage.java:28)
	at com.bus.booking.TestBase.SearchResultPage.<init>(SearchResultPage.java:28)
	at com.bus.booking.TestBase.SearchResultPage.<init>(SearchResultPage.java:28)
	at com.bus.booking.TestBase.SearchResultPage.<init>(SearchResultPage.java:28)
	at com.bus.booking.TestBase.SearchResultPage.<init>(SearchResultPage.java:28)
	at com.bus.booking.TestBase.SearchResultPage.<init>(SearchResultPage.java:28)
	at com.bus.booking.TestBase.SearchResultPage.<init>(SearchResultPage.java:28)
	at com.bus.booking.TestBase.SearchResultPage.<init>(SearchResultPage.java:28)
	at com.bus.booking.TestBase.SearchResultPage.<init>(SearchResultPage.java:28)
	at com.bus.booking.TestBase.SearchResultPage.<init>(SearchResultPage.java:28)
	at com.bus.booking.TestBase.SearchResultPage.<init>(SearchResultPage.java:28)
	at com.bus.booking.TestBase.SearchResultPage.<init>(SearchResultPage.java:28)
	at com.bus.booking.TestBase.SearchResultPage.<init>(SearchResultPage.java:28)
	at com.bus.booking.TestBase.SearchResultPage.<init>(SearchResultPage.java:28)
	at com.bus.booking.TestBase.SearchResultPage.<init>(SearchResultPage.java:28)
	at com.bus.booking.TestBase.SearchResultPage.<init>(SearchResultPage.java:28)
	at com.bus.booking.TestBase.SearchResultPage.<init>(SearchResultPage.java:28)
	at com.bus.booking.TestBase.SearchResultPage.<init>(SearchResultPage.java:28)
	at com.bus.booking.TestBase.SearchResultPage.<init>(SearchResultPage.java:28)
	at com.bus.booking.TestBase.SearchResultPage.<init>(SearchResultPage.java:28)
	at com.bus.booking.TestBase.SearchResultPage.<init>(SearchResultPage.java:28)
	at com.bus.booking.TestBase.SearchResultPage.<init>(SearchResultPage.java:28)
	at com.bus.booking.TestBase.SearchResultPage.<init>(SearchResultPage.java:28)
	at com.bus.booking.TestBase.SearchResultPage.<init>(SearchResultPage.java:28)
	at com.bus.booking.TestBase.SearchResultPage.<init>(SearchResultPage.java:28)
	at com.bus.booking.TestBase.SearchResultPage.<init>(SearchResultPage.java:28)
	at com.bus.booking.TestBase.SearchResultPage.<init>(SearchResultPage.java:28)
	at com.bus.booking.TestBase.SearchResultPage.<init>(SearchResultPage.java:28)
	at com.bus.booking.TestBase.SearchResultPage.<init>(SearchResultPage.java:28)
	at com.bus.booking.TestBase.SearchResultPage.<init>(SearchResultPage.java:28)
	at com.bus.booking.TestBase.SearchResultPage.<init>(SearchResultPage.java:28)
	at com.bus.booking.TestBase.SearchResultPage.<init>(SearchResultPage.java:28)
	at com.bus.booking.TestBase.SearchResultPage.<init>(SearchResultPage.java:28)
	at com.bus.booking.TestBase.SearchResultPage.<init>(SearchResultPage.java:28)
	at com.bus.booking.TestBase.SearchResultPage.<init>(SearchResultPage.java:28)
	at com.bus.booking.TestBase.SearchResultPage.<init>(SearchResultPage.java:28)
	at com.bus.booking.TestBase.SearchResultPage.<init>(SearchResultPage.java:28)
	at com.bus.booking.TestBase.SearchResultPage.<init>(SearchResultPage.java:28)
	at com.bus.booking.TestBase.SearchResultPage.<init>(SearchResultPage.java:28)
	at com.bus.booking.TestBase.SearchResultPage.<init>(SearchResultPage.java:28)
	at com.bus.booking.TestBase.SearchResultPage.<init>(SearchResultPage.java:28)
	at com.bus.booking.TestBase.SearchResultPage.<init>(SearchResultPage.java:28)
	at com.bus.booking.TestBase.SearchResultPage.<init>(SearchResultPage.java:28)
	at com.bus.booking.TestBase.SearchResultPage.<init>(SearchResultPage.java:28)
	at com.bus.booking.TestBase.SearchResultPage.<init>(SearchResultPage.java:28)
	at com.bus.booking.TestBase.SearchResultPage.<init>(SearchResultPage.java:28)
	at com.bus.booking.TestBase.SearchResultPage.<init>(SearchResultPage.java:28)
	at com.bus.booking.TestBase.SearchResultPage.<init>(SearchResultPage.java:28)
	at com.bus.booking.TestBase.SearchResultPage.<init>(SearchResultPage.java:28)
	at com.bus.booking.TestBase.SearchResultPage.<init>(SearchResultPage.java:28)
	at com.bus.booking.TestBase.SearchResultPage.<init>(SearchResultPage.java:28)
	at com.bus.booking.TestBase.SearchResultPage.<init>(SearchResultPage.java:28)
	at com.bus.booking.TestBase.SearchResultPage.<init>(SearchResultPage.java:28)
	at com.bus.booking.TestBase.SearchResultPage.<init>(SearchResultPage.java:28)
	at com.bus.booking.TestBase.SearchResultPage.<init>(SearchResultPage.java:28)
	at com.bus.booking.TestBase.SearchResultPage.<init>(SearchResultPage.java:28)
	at com.bus.booking.TestBase.SearchResultPage.<init>(SearchResultPage.java:28)
	at com.bus.booking.TestBase.SearchResultPage.<init>(SearchResultPage.java:28)
	at com.bus.booking.TestBase.SearchResultPage.<init>(SearchResultPage.java:28)
	at com.bus.booking.TestBase.SearchResultPage.<init>(SearchResultPage.java:28)
	at com.bus.booking.TestBase.SearchResultPage.<init>(SearchResultPage.java:28)
	at com.bus.booking.TestBase.SearchResultPage.<init>(SearchResultPage.java:28)
	at com.bus.booking.TestBase.SearchResultPage.<init>(SearchResultPage.java:28)
	at com.bus.booking.TestBase.SearchResultPage.<init>(SearchResultPage.java:28)
	at com.bus.booking.TestBase.SearchResultPage.<init>(SearchResultPage.java:28)
	at com.bus.booking.TestBase.SearchResultPage.<init>(SearchResultPage.java:28)
	at com.bus.booking.TestBase.SearchResultPage.<init>(SearchResultPage.java:28)
	at com.bus.booking.TestBase.SearchResultPage.<init>(SearchResultPage.java:28)
	at com.bus.booking.TestBase.SearchResultPage.<init>(SearchResultPage.java:28)
	at com.bus.booking.TestBase.SearchResultPage.<init>(SearchResultPage.java:28)
	at com.bus.booking.TestBase.SearchResultPage.<init>(SearchResultPage.java:28)
	at com.bus.booking.TestBase.SearchResultPage.<init>(SearchResultPage.java:28)
	at com.bus.booking.TestBase.SearchResultPage.<init>(SearchResultPage.java:28)
	at com.bus.booking.TestBase.SearchResultPage.<init>(SearchResultPage.java:28)
	at com.bus.booking.TestBase.SearchResultPage.<init>(SearchResultPage.java:28)
	at com.bus.booking.TestBase.SearchResultPage.<init>(SearchResultPage.java:28)
	at com.bus.booking.TestBase.SearchResultPage.<init>(SearchResultPage.java:28)
	at com.bus.booking.TestBase.SearchResultPage.<init>(SearchResultPage.java:28)
	at com.bus.booking.TestBase.SearchResultPage.<init>(SearchResultPage.java:28)
	at com.bus.booking.TestBase.SearchResultPage.<init>(SearchResultPage.java:28)
	at com.bus.booking.TestBase.SearchResultPage.<init>(SearchResultPage.java:28)
	at com.bus.booking.TestBase.SearchResultPage.<init>(SearchResultPage.java:28)
	at com.bus.booking.TestBase.SearchResultPage.<init>(SearchResultPage.java:28)
	at com.bus.booking.TestBase.SearchResultPage.<init>(SearchResultPage.java:28)
	at com.bus.booking.TestBase.SearchResultPage.<init>(SearchResultPage.java:28)
	at com.bus.booking.TestBase.SearchResultPage.<init>(SearchResultPage.java:28)
	at com.bus.booking.TestBase.SearchResultPage.<init>(SearchResultPage.java:28)
	at com.bus.booking.TestBase.SearchResultPage.<init>(SearchResultPage.java:28)
	at com.bus.booking.TestBase.SearchResultPage.<init>(SearchResultPage.java:28)
	at com.bus.booking.TestBase.SearchResultPage.<init>(SearchResultPage.java:28)
	at com.bus.booking.TestBase.SearchResultPage.<init>(SearchResultPage.java:28)
	at com.bus.booking.TestBase.SearchResultPage.<init>(SearchResultPage.java:28)
	at com.bus.booking.TestBase.SearchResultPage.<init>(SearchResultPage.java:28)
	at com.bus.booking.TestBase.SearchResultPage.<init>(SearchResultPage.java:28)
	at com.bus.booking.TestBase.SearchResultPage.<init>(SearchResultPage.java:28)
	at com.bus.booking.TestBase.SearchResultPage.<init>(SearchResultPage.java:28)
	at com.bus.booking.TestBase.SearchResultPage.<init>(SearchResultPage.java:28)
	at com.bus.booking.TestBase.SearchResultPage.<init>(SearchResultPage.java:28)
	at com.bus.booking.TestBase.SearchResultPage.<init>(SearchResultPage.java:28)
	at com.bus.booking.TestBase.SearchResultPage.<init>(SearchResultPage.java:28)
	at com.bus.booking.TestBase.SearchResultPage.<init>(SearchResultPage.java:28)
	at com.bus.booking.TestBase.SearchResultPage.<init>(SearchResultPage.java:28)
	at com.bus.booking.TestBase.SearchResultPage.<init>(SearchResultPage.java:28)
	at com.bus.booking.TestBase.SearchResultPage.<init>(SearchResultPage.java:28)
	at com.bus.booking.TestBase.SearchResultPage.<init>(SearchResultPage.java:28)
	at com.bus.booking.TestBase.SearchResultPage.<init>(SearchResultPage.java:28)
	at com.bus.booking.TestBase.SearchResultPage.<init>(SearchResultPage.java:28)
	at com.bus.booking.TestBase.SearchResultPage.<init>(SearchResultPage.java:28)
	at com.bus.booking.TestBase.SearchResultPage.<init>(SearchResultPage.java:28)
	at com.bus.booking.TestBase.SearchResultPage.<init>(SearchResultPage.java:28)
	at com.bus.booking.TestBase.SearchResultPage.<init>(SearchResultPage.java:28)
	at com.bus.booking.TestBase.SearchResultPage.<init>(SearchResultPage.java:28)
	at com.bus.booking.TestBase.SearchResultPage.<init>(SearchResultPage.java:28)
	at com.bus.booking.TestBase.SearchResultPage.<init>(SearchResultPage.java:28)
	at com.bus.booking.TestBase.SearchResultPage.<init>(SearchResultPage.java:28)
	at com.bus.booking.TestBase.SearchResultPage.<init>(SearchResultPage.java:28)
	at com.bus.booking.TestBase.SearchResultPage.<init>(SearchResultPage.java:28)
	at com.bus.booking.TestBase.SearchResultPage.<init>(SearchResultPage.java:28)
	at com.bus.booking.TestBase.SearchResultPage.<init>(SearchResultPage.java:28)
	at com.bus.booking.TestBase.SearchResultPage.<init>(SearchResultPage.java:28)
	at com.bus.booking.TestBase.SearchResultPage.<init>(SearchResultPage.java:28)
	at com.bus.booking.TestBase.SearchResultPage.<init>(SearchResultPage.java:28)
	at com.bus.booking.TestBase.SearchResultPage.<init>(SearchResultPage.java:28)
	at com.bus.booking.TestBase.SearchResultPage.<init>(SearchResultPage.java:28)
	at com.bus.booking.TestBase.SearchResultPage.<init>(SearchResultPage.java:28)
	at com.bus.booking.TestBase.SearchResultPage.<init>(SearchResultPage.java:28)
	at com.bus.booking.TestBase.SearchResultPage.<init>(SearchResultPage.java:28)
	at com.bus.booking.TestBase.SearchResultPage.<init>(SearchResultPage.java:28)
	at com.bus.booking.TestBase.SearchResultPage.<init>(SearchResultPage.java:28)
	at com.bus.booking.TestBase.SearchResultPage.<init>(SearchResultPage.java:28)
	at com.bus.booking.TestBase.SearchResultPage.<init>(SearchResultPage.java:28)
	at com.bus.booking.TestBase.SearchResultPage.<init>(SearchResultPage.java:28)
	at com.bus.booking.TestBase.SearchResultPage.<init>(SearchResultPage.java:28)
	at com.bus.booking.TestBase.SearchResultPage.<init>(SearchResultPage.java:28)
	at com.bus.booking.TestBase.SearchResultPage.<init>(SearchResultPage.java:28)
	at com.bus.booking.TestBase.SearchResultPage.<init>(SearchResultPage.java:28)
	at com.bus.booking.TestBase.SearchResultPage.<init>(SearchResultPage.java:28)
	at com.bus.booking.TestBase.SearchResultPage.<init>(SearchResultPage.java:28)
	at com.bus.booking.TestBase.SearchResultPage.<init>(SearchResultPage.java:28)
	at com.bus.booking.TestBase.SearchResultPage.<init>(SearchResultPage.java:28)
	at com.bus.booking.TestBase.SearchResultPage.<init>(SearchResultPage.java:28)
	at com.bus.booking.TestBase.SearchResultPage.<init>(SearchResultPage.java:28)
	at com.bus.booking.TestBase.SearchResultPage.<init>(SearchResultPage.java:28)
	at com.bus.booking.TestBase.SearchResultPage.<init>(SearchResultPage.java:28)
	at com.bus.booking.TestBase.SearchResultPage.<init>(SearchResultPage.java:28)
	at com.bus.booking.TestBase.SearchResultPage.<init>(SearchResultPage.java:28)
	at com.bus.booking.TestBase.SearchResultPage.<init>(SearchResultPage.java:28)
	at com.bus.booking.TestBase.SearchResultPage.<init>(SearchResultPage.java:28)
	at com.bus.booking.TestBase.SearchResultPage.<init>(SearchResultPage.java:28)
	at com.bus.booking.TestBase.SearchResultPage.<init>(SearchResultPage.java:28)
	at com.bus.booking.TestBase.SearchResultPage.<init>(SearchResultPage.java:28)
	at com.bus.booking.TestBase.SearchResultPage.<init>(SearchResultPage.java:28)
	at com.bus.booking.TestBase.SearchResultPage.<init>(SearchResultPage.java:28)
	at com.bus.booking.TestBase.SearchResultPage.<init>(SearchResultPage.java:28)
	at com.bus.booking.TestBase.SearchResultPage.<init>(SearchResultPage.java:28)
	at com.bus.booking.TestBase.SearchResultPage.<init>(SearchResultPage.java:28)
	at com.bus.booking.TestBase.SearchResultPage.<init>(SearchResultPage.java:28)
	at com.bus.booking.TestBase.SearchResultPage.<init>(SearchResultPage.java:28)
	at com.bus.booking.TestBase.SearchResultPage.<init>(SearchResultPage.java:28)
	at com.bus.booking.TestBase.SearchResultPage.<init>(SearchResultPage.java:28)
	at com.bus.booking.TestBase.SearchResultPage.<init>(SearchResultPage.java:28)
	at com.bus.booking.TestBase.SearchResultPage.<init>(SearchResultPage.java:28)
	at com.bus.booking.TestBase.SearchResultPage.<init>(SearchResultPage.java:28)
	at com.bus.booking.TestBase.SearchResultPage.<init>(SearchResultPage.java:28)
	at com.bus.booking.TestBase.SearchResultPage.<init>(SearchResultPage.java:28)
	at com.bus.booking.TestBase.SearchResultPage.<init>(SearchResultPage.java:28)
	at com.bus.booking.TestBase.SearchResultPage.<init>(SearchResultPage.java:28)
	at com.bus.booking.TestBase.SearchResultPage.<init>(SearchResultPage.java:28)
	at com.bus.booking.TestBase.SearchResultPage.<init>(SearchResultPage.java:28)
	at com.bus.booking.TestBase.SearchResultPage.<init>(SearchResultPage.java:28)
	at com.bus.booking.TestBase.SearchResultPage.<init>(SearchResultPage.java:28)
	at com.bus.booking.TestBase.SearchResultPage.<init>(SearchResultPage.java:28)
	at com.bus.booking.TestBase.SearchResultPage.<init>(SearchResultPage.java:28)
	at com.bus.booking.TestBase.SearchResultPage.<init>(SearchResultPage.java:28)
	at com.bus.booking.TestBase.SearchResultPage.<init>(SearchResultPage.java:28)
	at com.bus.booking.TestBase.SearchResultPage.<init>(SearchResultPage.java:28)
	at com.bus.booking.TestBase.SearchResultPage.<init>(SearchResultPage.java:28)
	at com.bus.booking.TestBase.SearchResultPage.<init>(SearchResultPage.java:28)
	at com.bus.booking.TestBase.SearchResultPage.<init>(SearchResultPage.java:28)
	at com.bus.booking.TestBase.SearchResultPage.<init>(SearchResultPage.java:28)
	at com.bus.booking.TestBase.SearchResultPage.<init>(SearchResultPage.java:28)
]]>
    </failure>
  </testcase> <!-- bookAticket -->
</testsuite> <!-- Default test -->
