<?xml version="1.0" encoding="UTF-8"?>
<testng-results skipped="0" failed="1" ignored="0" total="1" passed="0">
  <reporter-output>
  </reporter-output>
  <suite name="Default suite" duration-ms="13231" started-at="2020-06-22T08:26:00Z" finished-at="2020-06-22T08:26:14Z">
    <groups>
    </groups>
    <test name="Default test" duration-ms="13231" started-at="2020-06-22T08:26:00Z" finished-at="2020-06-22T08:26:14Z">
      <class name="com.bus.booking.Tests.Test1">
        <test-method status="PASS" signature="setUp()[pri:0, instance:com.bus.booking.Tests.Test1@51399530]" name="setUp" is-config="true" duration-ms="11411" started-at="2020-06-22T13:56:00Z" finished-at="2020-06-22T13:56:12Z">
          <reporter-output>
          </reporter-output>
        </test-method> <!-- setUp -->
        <test-method status="FAIL" signature="bookAticket()[pri:0, instance:com.bus.booking.Tests.Test1@51399530]" name="bookAticket" duration-ms="258" started-at="2020-06-22T13:56:12Z" finished-at="2020-06-22T13:56:12Z">
          <exception class="java.lang.StackOverflowError">
            <full-stacktrace>
              <![CDATA[java.lang.StackOverflowError
	at com.bus.booking.TestBase.SearchResultPage.<init>(SearchResultPage.java:28)
	at com.bus.booking.TestBase.SearchResultPage.<init>(SearchResultPage.java:28)
	at com.bus.booking.TestBase.SearchResultPage.<init>(SearchResultPage.java:28)
	at com.bus.booking.TestBase.SearchResultPage.<init>(SearchResultPage.java:28)
	at com.bus.booking.TestBase.SearchResultPage.<init>(SearchResultPage.java:28)
	at com.bus.booking.TestBase.SearchResultPage.<init>(SearchResultPage.java:28)
	at com.bus.booking.TestBase.SearchResultPage.<init>(SearchResultPage.java:28)
	at com.bus.booking.TestBase.SearchResultPage.<init>(SearchResultPage.java:28)
	at com.bus.booking.TestBase.SearchResultPage.<init>(SearchResultPage.java:28)
	at com.bus.booking.TestBase.SearchResultPage.<init>(SearchResultPage.java:28)
	at com.bus.booking.TestBase.SearchResultPage.<init>(SearchResultPage.java:28)
	at com.bus.booking.TestBase.SearchResultPage.<init>(SearchResultPage.java:28)
	at com.bus.booking.TestBase.SearchResultPage.<init>(SearchResultPage.java:28)
	at com.bus.booking.TestBase.SearchResultPage.<init>(SearchResultPage.java:28)
	at com.bus.booking.TestBase.SearchResultPage.<init>(SearchResultPage.java:28)
	at com.bus.booking.TestBase.SearchResultPage.<init>(SearchResultPage.java:28)
	at com.bus.booking.TestBase.SearchResultPage.<init>(SearchResultPage.java:28)
	at com.bus.booking.TestBase.SearchResultPage.<init>(SearchResultPage.java:28)
	at com.bus.booking.TestBase.SearchResultPage.<init>(SearchResultPage.java:28)
	at com.bus.booking.TestBase.SearchResultPage.<init>(SearchResultPage.java:28)
	at com.bus.booking.TestBase.SearchResultPage.<init>(SearchResultPage.java:28)
	at com.bus.booking.TestBase.SearchResultPage.<init>(SearchResultPage.java:28)
	at com.bus.booking.TestBase.SearchResultPage.<init>(SearchResultPage.java:28)
	at com.bus.booking.TestBase.SearchResultPage.<init>(SearchResultPage.java:28)
	at com.bus.booking.TestBase.SearchResultPage.<init>(SearchResultPage.java:28)
	at com.bus.booking.TestBase.SearchResultPage.<init>(SearchResultPage.java:28)
	at com.bus.booking.TestBase.SearchResultPage.<init>(SearchResultPage.java:28)
	at com.bus.booking.TestBase.SearchResultPage.<init>(SearchResultPage.java:28)
	at com.bus.booking.TestBase.SearchResultPage.<init>(SearchResultPage.java:28)
	at com.bus.booking.TestBase.SearchResultPage.<init>(SearchResultPage.java:28)
	at com.bus.booking.TestBase.SearchResultPage.<init>(SearchResultPage.java:28)
	at com.bus.booking.TestBase.SearchResultPage.<init>(SearchResultPage.java:28)
	at com.bus.booking.TestBase.SearchResultPage.<init>(SearchResultPage.java:28)
	at com.bus.booking.TestBase.SearchResultPage.<init>(SearchResultPage.java:28)
	at com.bus.booking.TestBase.SearchResultPage.<init>(SearchResultPage.java:28)
	at com.bus.booking.TestBase.SearchResultPage.<init>(SearchResultPage.java:28)
	at com.bus.booking.TestBase.SearchResultPage.<init>(SearchResultPage.java:28)
	at com.bus.booking.TestBase.SearchResultPage.<init>(SearchResultPage.java:28)
	at com.bus.booking.TestBase.SearchResultPage.<init>(SearchResultPage.java:28)
	at com.bus.booking.TestBase.SearchResultPage.<init>(SearchResultPage.java:28)
	at com.bus.booking.TestBase.SearchResultPage.<init>(SearchResultPage.java:28)
	at com.bus.booking.TestBase.SearchResultPage.<init>(SearchResultPage.java:28)
	at com.bus.booking.TestBase.SearchResultPage.<init>(SearchResultPage.java:28)
	at com.bus.booking.TestBase.SearchResultPage.<init>(SearchResultPage.java:28)
	at com.bus.booking.TestBase.SearchResultPage.<init>(SearchResultPage.java:28)
	at com.bus.booking.TestBase.SearchResultPage.<init>(SearchResultPage.java:28)
	at com.bus.booking.TestBase.SearchResultPage.<init>(SearchResultPage.java:28)
	at com.bus.booking.TestBase.SearchResultPage.<init>(SearchResultPage.java:28)
	at com.bus.booking.TestBase.SearchResultPage.<init>(SearchResultPage.java:28)
	at com.bus.booking.TestBase.SearchResultPage.<init>(SearchResultPage.java:28)
	at com.bus.booking.TestBase.SearchResultPage.<init>(SearchResultPage.java:28)
	at com.bus.booking.TestBase.SearchResultPage.<init>(SearchResultPage.java:28)
	at com.bus.booking.TestBase.SearchResultPage.<init>(SearchResultPage.java:28)
	at com.bus.booking.TestBase.SearchResultPage.<init>(SearchResultPage.java:28)
	at com.bus.booking.TestBase.SearchResultPage.<init>(SearchResultPage.java:28)
	at com.bus.booking.TestBase.SearchResultPage.<init>(SearchResultPage.java:28)
	at com.bus.booking.TestBase.SearchResultPage.<init>(SearchResultPage.java:28)
	at com.bus.booking.TestBase.SearchResultPage.<init>(SearchResultPage.java:28)
	at com.bus.booking.TestBase.SearchResultPage.<init>(SearchResultPage.java:28)
	at com.bus.booking.TestBase.SearchResultPage.<init>(SearchResultPage.java:28)
	at com.bus.booking.TestBase.SearchResultPage.<init>(SearchResultPage.java:28)
	at com.bus.booking.TestBase.SearchResultPage.<init>(SearchResultPage.java:28)
	at com.bus.booking.TestBase.SearchResultPage.<init>(SearchResultPage.java:28)
	at com.bus.booking.TestBase.SearchResultPage.<init>(SearchResultPage.java:28)
	at com.bus.booking.TestBase.SearchResultPage.<init>(SearchResultPage.java:28)
	at com.bus.booking.TestBase.SearchResultPage.<init>(SearchResultPage.java:28)
	at com.bus.booking.TestBase.SearchResultPage.<init>(SearchResultPage.java:28)
	at com.bus.booking.TestBase.SearchResultPage.<init>(SearchResultPage.java:28)
	at com.bus.booking.TestBase.SearchResultPage.<init>(SearchResultPage.java:28)
	at com.bus.booking.TestBase.SearchResultPage.<init>(SearchResultPage.java:28)
	at com.bus.booking.TestBase.SearchResultPage.<init>(SearchResultPage.java:28)
	at com.bus.booking.TestBase.SearchResultPage.<init>(SearchResultPage.java:28)
	at com.bus.booking.TestBase.SearchResultPage.<init>(SearchResultPage.java:28)
	at com.bus.booking.TestBase.SearchResultPage.<init>(SearchResultPage.java:28)
	at com.bus.booking.TestBase.SearchResultPage.<init>(SearchResultPage.java:28)
	at com.bus.booking.TestBase.SearchResultPage.<init>(SearchResultPage.java:28)
	at com.bus.booking.TestBase.SearchResultPage.<init>(SearchResultPage.java:28)
	at com.bus.booking.TestBase.SearchResultPage.<init>(SearchResultPage.java:28)
	at com.bus.booking.TestBase.SearchResultPage.<init>(SearchResultPage.java:28)
	at com.bus.booking.TestBase.SearchResultPage.<init>(SearchResultPage.java:28)
	at com.bus.booking.TestBase.SearchResultPage.<init>(SearchResultPage.java:28)
	at com.bus.booking.TestBase.SearchResultPage.<init>(SearchResultPage.java:28)
	at com.bus.booking.TestBase.SearchResultPage.<init>(SearchResultPage.java:28)
	at com.bus.booking.TestBase.SearchResultPage.<init>(SearchResultPage.java:28)
	at com.bus.booking.TestBase.SearchResultPage.<init>(SearchResultPage.java:28)
	at com.bus.booking.TestBase.SearchResultPage.<init>(SearchResultPage.java:28)
	at com.bus.booking.TestBase.SearchResultPage.<init>(SearchResultPage.java:28)
	at com.bus.booking.TestBase.SearchResultPage.<init>(SearchResultPage.java:28)
	at com.bus.booking.TestBase.SearchResultPage.<init>(SearchResultPage.java:28)
	at com.bus.booking.TestBase.SearchResultPage.<init>(SearchResultPage.java:28)
	at com.bus.booking.TestBase.SearchResultPage.<init>(SearchResultPage.java:28)
	at com.bus.booking.TestBase.SearchResultPage.<init>(SearchResultPage.java:28)
	at com.bus.booking.TestBase.SearchResultPage.<init>(SearchResultPage.java:28)
	at com.bus.booking.TestBase.SearchResultPage.<init>(SearchResultPage.java:28)
	at com.bus.booking.TestBase.SearchResultPage.<init>(SearchResultPage.java:28)
	at com.bus.booking.TestBase.SearchResultPage.<init>(SearchResultPage.java:28)
	at com.bus.booking.TestBase.SearchResultPage.<init>(SearchResultPage.java:28)
	at com.bus.booking.TestBase.SearchResultPage.<init>(SearchResultPage.java:28)
	at com.bus.booking.TestBase.SearchResultPage.<init>(SearchResultPage.java:28)
	at com.bus.booking.TestBase.SearchResultPage.<init>(SearchResultPage.java:28)
	at com.bus.booking.TestBase.SearchResultPage.<init>(SearchResultPage.java:28)
	at com.bus.booking.TestBase.SearchResultPage.<init>(SearchResultPage.java:28)
	at com.bus.booking.TestBase.SearchResultPage.<init>(SearchResultPage.java:28)
	at com.bus.booking.TestBase.SearchResultPage.<init>(SearchResultPage.java:28)
	at com.bus.booking.TestBase.SearchResultPage.<init>(SearchResultPage.java:28)
	at com.bus.booking.TestBase.SearchResultPage.<init>(SearchResultPage.java:28)
	at com.bus.booking.TestBase.SearchResultPage.<init>(SearchResultPage.java:28)
	at com.bus.booking.TestBase.SearchResultPage.<init>(SearchResultPage.java:28)
	at com.bus.booking.TestBase.SearchResultPage.<init>(SearchResultPage.java:28)
	at com.bus.booking.TestBase.SearchResultPage.<init>(SearchResultPage.java:28)
	at com.bus.booking.TestBase.SearchResultPage.<init>(SearchResultPage.java:28)
	at com.bus.booking.TestBase.SearchResultPage.<init>(SearchResultPage.java:28)
	at com.bus.booking.TestBase.SearchResultPage.<init>(SearchResultPage.java:28)
	at com.bus.booking.TestBase.SearchResultPage.<init>(SearchResultPage.java:28)
	at com.bus.booking.TestBase.SearchResultPage.<init>(SearchResultPage.java:28)
	at com.bus.booking.TestBase.SearchResultPage.<init>(SearchResultPage.java:28)
	at com.bus.booking.TestBase.SearchResultPage.<init>(SearchResultPage.java:28)
	at com.bus.booking.TestBase.SearchResultPage.<init>(SearchResultPage.java:28)
	at com.bus.booking.TestBase.SearchResultPage.<init>(SearchResultPage.java:28)
	at com.bus.booking.TestBase.SearchResultPage.<init>(SearchResultPage.java:28)
	at com.bus.booking.TestBase.SearchResultPage.<init>(SearchResultPage.java:28)
	at com.bus.booking.TestBase.SearchResultPage.<init>(SearchResultPage.java:28)
	at com.bus.booking.TestBase.SearchResultPage.<init>(SearchResultPage.java:28)
	at com.bus.booking.TestBase.SearchResultPage.<init>(SearchResultPage.java:28)
	at com.bus.booking.TestBase.SearchResultPage.<init>(SearchResultPage.java:28)
	at com.bus.booking.TestBase.SearchResultPage.<init>(SearchResultPage.java:28)
	at com.bus.booking.TestBase.SearchResultPage.<init>(SearchResultPage.java:28)
	at com.bus.booking.TestBase.SearchResultPage.<init>(SearchResultPage.java:28)
	at com.bus.booking.TestBase.SearchResultPage.<init>(SearchResultPage.java:28)
	at com.bus.booking.TestBase.SearchResultPage.<init>(SearchResultPage.java:28)
	at com.bus.booking.TestBase.SearchResultPage.<init>(SearchResultPage.java:28)
	at com.bus.booking.TestBase.SearchResultPage.<init>(SearchResultPage.java:28)
	at com.bus.booking.TestBase.SearchResultPage.<init>(SearchResultPage.java:28)
	at com.bus.booking.TestBase.SearchResultPage.<init>(SearchResultPage.java:28)
	at com.bus.booking.TestBase.SearchResultPage.<init>(SearchResultPage.java:28)
	at com.bus.booking.TestBase.SearchResultPage.<init>(SearchResultPage.java:28)
	at com.bus.booking.TestBase.SearchResultPage.<init>(SearchResultPage.java:28)
	at com.bus.booking.TestBase.SearchResultPage.<init>(SearchResultPage.java:28)
	at com.bus.booking.TestBase.SearchResultPage.<init>(SearchResultPage.java:28)
	at com.bus.booking.TestBase.SearchResultPage.<init>(SearchResultPage.java:28)
	at com.bus.booking.TestBase.SearchResultPage.<init>(SearchResultPage.java:28)
	at com.bus.booking.TestBase.SearchResultPage.<init>(SearchResultPage.java:28)
	at com.bus.booking.TestBase.SearchResultPage.<init>(SearchResultPage.java:28)
	at com.bus.booking.TestBase.SearchResultPage.<init>(SearchResultPage.java:28)
	at com.bus.booking.TestBase.SearchResultPage.<init>(SearchResultPage.java:28)
	at com.bus.booking.TestBase.SearchResultPage.<init>(SearchResultPage.java:28)
	at com.bus.booking.TestBase.SearchResultPage.<init>(SearchResultPage.java:28)
	at com.bus.booking.TestBase.SearchResultPage.<init>(SearchResultPage.java:28)
	at com.bus.booking.TestBase.SearchResultPage.<init>(SearchResultPage.java:28)
	at com.bus.booking.TestBase.SearchResultPage.<init>(SearchResultPage.java:28)
	at com.bus.booking.TestBase.SearchResultPage.<init>(SearchResultPage.java:28)
	at com.bus.booking.TestBase.SearchResultPage.<init>(SearchResultPage.java:28)
	at com.bus.booking.TestBase.SearchResultPage.<init>(SearchResultPage.java:28)
	at com.bus.booking.TestBase.SearchResultPage.<init>(SearchResultPage.java:28)
	at com.bus.booking.TestBase.SearchResultPage.<init>(SearchResultPage.java:28)
	at com.bus.booking.TestBase.SearchResultPage.<init>(SearchResultPage.java:28)
	at com.bus.booking.TestBase.SearchResultPage.<init>(SearchResultPage.java:28)
	at com.bus.booking.TestBase.SearchResultPage.<init>(SearchResultPage.java:28)
	at com.bus.booking.TestBase.SearchResultPage.<init>(SearchResultPage.java:28)
	at com.bus.booking.TestBase.SearchResultPage.<init>(SearchResultPage.java:28)
	at com.bus.booking.TestBase.SearchResultPage.<init>(SearchResultPage.java:28)
	at com.bus.booking.TestBase.SearchResultPage.<init>(SearchResultPage.java:28)
	at com.bus.booking.TestBase.SearchResultPage.<init>(SearchResultPage.java:28)
	at com.bus.booking.TestBase.SearchResultPage.<init>(SearchResultPage.java:28)
	at com.bus.booking.TestBase.SearchResultPage.<init>(SearchResultPage.java:28)
	at com.bus.booking.TestBase.SearchResultPage.<init>(SearchResultPage.java:28)
	at com.bus.booking.TestBase.SearchResultPage.<init>(SearchResultPage.java:28)
	at com.bus.booking.TestBase.SearchResultPage.<init>(SearchResultPage.java:28)
	at com.bus.booking.TestBase.SearchResultPage.<init>(SearchResultPage.java:28)
	at com.bus.booking.TestBase.SearchResultPage.<init>(SearchResultPage.java:28)
	at com.bus.booking.TestBase.SearchResultPage.<init>(SearchResultPage.java:28)
	at com.bus.booking.TestBase.SearchResultPage.<init>(SearchResultPage.java:28)
	at com.bus.booking.TestBase.SearchResultPage.<init>(SearchResultPage.java:28)
	at com.bus.booking.TestBase.SearchResultPage.<init>(SearchResultPage.java:28)
	at com.bus.booking.TestBase.SearchResultPage.<init>(SearchResultPage.java:28)
	at com.bus.booking.TestBase.SearchResultPage.<init>(SearchResultPage.java:28)
	at com.bus.booking.TestBase.SearchResultPage.<init>(SearchResultPage.java:28)
	at com.bus.booking.TestBase.SearchResultPage.<init>(SearchResultPage.java:28)
	at com.bus.booking.TestBase.SearchResultPage.<init>(SearchResultPage.java:28)
	at com.bus.booking.TestBase.SearchResultPage.<init>(SearchResultPage.java:28)
	at com.bus.booking.TestBase.SearchResultPage.<init>(SearchResultPage.java:28)
	at com.bus.booking.TestBase.SearchResultPage.<init>(SearchResultPage.java:28)
	at com.bus.booking.TestBase.SearchResultPage.<init>(SearchResultPage.java:28)
	at com.bus.booking.TestBase.SearchResultPage.<init>(SearchResultPage.java:28)
	at com.bus.booking.TestBase.SearchResultPage.<init>(SearchResultPage.java:28)
	at com.bus.booking.TestBase.SearchResultPage.<init>(SearchResultPage.java:28)
	at com.bus.booking.TestBase.SearchResultPage.<init>(SearchResultPage.java:28)
	at com.bus.booking.TestBase.SearchResultPage.<init>(SearchResultPage.java:28)
	at com.bus.booking.TestBase.SearchResultPage.<init>(SearchResultPage.java:28)
	at com.bus.booking.TestBase.SearchResultPage.<init>(SearchResultPage.java:28)
	at com.bus.booking.TestBase.SearchResultPage.<init>(SearchResultPage.java:28)
	at com.bus.booking.TestBase.SearchResultPage.<init>(SearchResultPage.java:28)
	at com.bus.booking.TestBase.SearchResultPage.<init>(SearchResultPage.java:28)
	at com.bus.booking.TestBase.SearchResultPage.<init>(SearchResultPage.java:28)
	at com.bus.booking.TestBase.SearchResultPage.<init>(SearchResultPage.java:28)
	at com.bus.booking.TestBase.SearchResultPage.<init>(SearchResultPage.java:28)
	at com.bus.booking.TestBase.SearchResultPage.<init>(SearchResultPage.java:28)
	at com.bus.booking.TestBase.SearchResultPage.<init>(SearchResultPage.java:28)
	at com.bus.booking.TestBase.SearchResultPage.<init>(SearchResultPage.java:28)
	at com.bus.booking.TestBase.SearchResultPage.<init>(SearchResultPage.java:28)
	at com.bus.booking.TestBase.SearchResultPage.<init>(SearchResultPage.java:28)
	at com.bus.booking.TestBase.SearchResultPage.<init>(SearchResultPage.java:28)
	at com.bus.booking.TestBase.SearchResultPage.<init>(SearchResultPage.java:28)
	at com.bus.booking.TestBase.SearchResultPage.<init>(SearchResultPage.java:28)
	at com.bus.booking.TestBase.SearchResultPage.<init>(SearchResultPage.java:28)
	at com.bus.booking.TestBase.SearchResultPage.<init>(SearchResultPage.java:28)
	at com.bus.booking.TestBase.SearchResultPage.<init>(SearchResultPage.java:28)
	at com.bus.booking.TestBase.SearchResultPage.<init>(SearchResultPage.java:28)
	at com.bus.booking.TestBase.SearchResultPage.<init>(SearchResultPage.java:28)
	at com.bus.booking.TestBase.SearchResultPage.<init>(SearchResultPage.java:28)
	at com.bus.booking.TestBase.SearchResultPage.<init>(SearchResultPage.java:28)
	at com.bus.booking.TestBase.SearchResultPage.<init>(SearchResultPage.java:28)
	at com.bus.booking.TestBase.SearchResultPage.<init>(SearchResultPage.java:28)
	at com.bus.booking.TestBase.SearchResultPage.<init>(SearchResultPage.java:28)
	at com.bus.booking.TestBase.SearchResultPage.<init>(SearchResultPage.java:28)
	at com.bus.booking.TestBase.SearchResultPage.<init>(SearchResultPage.java:28)
	at com.bus.booking.TestBase.SearchResultPage.<init>(SearchResultPage.java:28)
	at com.bus.booking.TestBase.SearchResultPage.<init>(SearchResultPage.java:28)
	at com.bus.booking.TestBase.SearchResultPage.<init>(SearchResultPage.java:28)
	at com.bus.booking.TestBase.SearchResultPage.<init>(SearchResultPage.java:28)
	at com.bus.booking.TestBase.SearchResultPage.<init>(SearchResultPage.java:28)
	at com.bus.booking.TestBase.SearchResultPage.<init>(SearchResultPage.java:28)
	at com.bus.booking.TestBase.SearchResultPage.<init>(SearchResultPage.java:28)
	at com.bus.booking.TestBase.SearchResultPage.<init>(SearchResultPage.java:28)
	at com.bus.booking.TestBase.SearchResultPage.<init>(SearchResultPage.java:28)
	at com.bus.booking.TestBase.SearchResultPage.<init>(SearchResultPage.java:28)
	at com.bus.booking.TestBase.SearchResultPage.<init>(SearchResultPage.java:28)
	at com.bus.booking.TestBase.SearchResultPage.<init>(SearchResultPage.java:28)
	at com.bus.booking.TestBase.SearchResultPage.<init>(SearchResultPage.java:28)
	at com.bus.booking.TestBase.SearchResultPage.<init>(SearchResultPage.java:28)
	at com.bus.booking.TestBase.SearchResultPage.<init>(SearchResultPage.java:28)
	at com.bus.booking.TestBase.SearchResultPage.<init>(SearchResultPage.java:28)
	at com.bus.booking.TestBase.SearchResultPage.<init>(SearchResultPage.java:28)
	at com.bus.booking.TestBase.SearchResultPage.<init>(SearchResultPage.java:28)
	at com.bus.booking.TestBase.SearchResultPage.<init>(SearchResultPage.java:28)
	at com.bus.booking.TestBase.SearchResultPage.<init>(SearchResultPage.java:28)
	at com.bus.booking.TestBase.SearchResultPage.<init>(SearchResultPage.java:28)
	at com.bus.booking.TestBase.SearchResultPage.<init>(SearchResultPage.java:28)
	at com.bus.booking.TestBase.SearchResultPage.<init>(SearchResultPage.java:28)
	at com.bus.booking.TestBase.SearchResultPage.<init>(SearchResultPage.java:28)
	at com.bus.booking.TestBase.SearchResultPage.<init>(SearchResultPage.java:28)
	at com.bus.booking.TestBase.SearchResultPage.<init>(SearchResultPage.java:28)
	at com.bus.booking.TestBase.SearchResultPage.<init>(SearchResultPage.java:28)
	at com.bus.booking.TestBase.SearchResultPage.<init>(SearchResultPage.java:28)
	at com.bus.booking.TestBase.SearchResultPage.<init>(SearchResultPage.java:28)
	at com.bus.booking.TestBase.SearchResultPage.<init>(SearchResultPage.java:28)
	at com.bus.booking.TestBase.SearchResultPage.<init>(SearchResultPage.java:28)
	at com.bus.booking.TestBase.SearchResultPage.<init>(SearchResultPage.java:28)
	at com.bus.booking.TestBase.SearchResultPage.<init>(SearchResultPage.java:28)
	at com.bus.booking.TestBase.SearchResultPage.<init>(SearchResultPage.java:28)
	at com.bus.booking.TestBase.SearchResultPage.<init>(SearchResultPage.java:28)
	at com.bus.booking.TestBase.SearchResultPage.<init>(SearchResultPage.java:28)
	at com.bus.booking.TestBase.SearchResultPage.<init>(SearchResultPage.java:28)
	at com.bus.booking.TestBase.SearchResultPage.<init>(SearchResultPage.java:28)
	at com.bus.booking.TestBase.SearchResultPage.<init>(SearchResultPage.java:28)
	at com.bus.booking.TestBase.SearchResultPage.<init>(SearchResultPage.java:28)
	at com.bus.booking.TestBase.SearchResultPage.<init>(SearchResultPage.java:28)
	at com.bus.booking.TestBase.SearchResultPage.<init>(SearchResultPage.java:28)
	at com.bus.booking.TestBase.SearchResultPage.<init>(SearchResultPage.java:28)
	at com.bus.booking.TestBase.SearchResultPage.<init>(SearchResultPage.java:28)
	at com.bus.booking.TestBase.SearchResultPage.<init>(SearchResultPage.java:28)
	at com.bus.booking.TestBase.SearchResultPage.<init>(SearchResultPage.java:28)
	at com.bus.booking.TestBase.SearchResultPage.<init>(SearchResultPage.java:28)
	at com.bus.booking.TestBase.SearchResultPage.<init>(SearchResultPage.java:28)
	at com.bus.booking.TestBase.SearchResultPage.<init>(SearchResultPage.java:28)
	at com.bus.booking.TestBase.SearchResultPage.<init>(SearchResultPage.java:28)
	at com.bus.booking.TestBase.SearchResultPage.<init>(SearchResultPage.java:28)
	at com.bus.booking.TestBase.SearchResultPage.<init>(SearchResultPage.java:28)
	at com.bus.booking.TestBase.SearchResultPage.<init>(SearchResultPage.java:28)
	at com.bus.booking.TestBase.SearchResultPage.<init>(SearchResultPage.java:28)
	at com.bus.booking.TestBase.SearchResultPage.<init>(SearchResultPage.java:28)
	at com.bus.booking.TestBase.SearchResultPage.<init>(SearchResultPage.java:28)
	at com.bus.booking.TestBase.SearchResultPage.<init>(SearchResultPage.java:28)
	at com.bus.booking.TestBase.SearchResultPage.<init>(SearchResultPage.java:28)
	at com.bus.booking.TestBase.SearchResultPage.<init>(SearchResultPage.java:28)
	at com.bus.booking.TestBase.SearchResultPage.<init>(SearchResultPage.java:28)
	at com.bus.booking.TestBase.SearchResultPage.<init>(SearchResultPage.java:28)
	at com.bus.booking.TestBase.SearchResultPage.<init>(SearchResultPage.java:28)
	at com.bus.booking.TestBase.SearchResultPage.<init>(SearchResultPage.java:28)
	at com.bus.booking.TestBase.SearchResultPage.<init>(SearchResultPage.java:28)
	at com.bus.booking.TestBase.SearchResultPage.<init>(SearchResultPage.java:28)
	at com.bus.booking.TestBase.SearchResultPage.<init>(SearchResultPage.java:28)
	at com.bus.booking.TestBase.SearchResultPage.<init>(SearchResultPage.java:28)
	at com.bus.booking.TestBase.SearchResultPage.<init>(SearchResultPage.java:28)
	at com.bus.booking.TestBase.SearchResultPage.<init>(SearchResultPage.java:28)
	at com.bus.booking.TestBase.SearchResultPage.<init>(SearchResultPage.java:28)
	at com.bus.booking.TestBase.SearchResultPage.<init>(SearchResultPage.java:28)
	at com.bus.booking.TestBase.SearchResultPage.<init>(SearchResultPage.java:28)
	at com.bus.booking.TestBase.SearchResultPage.<init>(SearchResultPage.java:28)
	at com.bus.booking.TestBase.SearchResultPage.<init>(SearchResultPage.java:28)
	at com.bus.booking.TestBase.SearchResultPage.<init>(SearchResultPage.java:28)
	at com.bus.booking.TestBase.SearchResultPage.<init>(SearchResultPage.java:28)
	at com.bus.booking.TestBase.SearchResultPage.<init>(SearchResultPage.java:28)
	at com.bus.booking.TestBase.SearchResultPage.<init>(SearchResultPage.java:28)
	at com.bus.booking.TestBase.SearchResultPage.<init>(SearchResultPage.java:28)
	at com.bus.booking.TestBase.SearchResultPage.<init>(SearchResultPage.java:28)
	at com.bus.booking.TestBase.SearchResultPage.<init>(SearchResultPage.java:28)
	at com.bus.booking.TestBase.SearchResultPage.<init>(SearchResultPage.java:28)
	at com.bus.booking.TestBase.SearchResultPage.<init>(SearchResultPage.java:28)
	at com.bus.booking.TestBase.SearchResultPage.<init>(SearchResultPage.java:28)
	at com.bus.booking.TestBase.SearchResultPage.<init>(SearchResultPage.java:28)
	at com.bus.booking.TestBase.SearchResultPage.<init>(SearchResultPage.java:28)
	at com.bus.booking.TestBase.SearchResultPage.<init>(SearchResultPage.java:28)
	at com.bus.booking.TestBase.SearchResultPage.<init>(SearchResultPage.java:28)
	at com.bus.booking.TestBase.SearchResultPage.<init>(SearchResultPage.java:28)
	at com.bus.booking.TestBase.SearchResultPage.<init>(SearchResultPage.java:28)
	at com.bus.booking.TestBase.SearchResultPage.<init>(SearchResultPage.java:28)
	at com.bus.booking.TestBase.SearchResultPage.<init>(SearchResultPage.java:28)
	at com.bus.booking.TestBase.SearchResultPage.<init>(SearchResultPage.java:28)
	at com.bus.booking.TestBase.SearchResultPage.<init>(SearchResultPage.java:28)
	at com.bus.booking.TestBase.SearchResultPage.<init>(SearchResultPage.java:28)
	at com.bus.booking.TestBase.SearchResultPage.<init>(SearchResultPage.java:28)
	at com.bus.booking.TestBase.SearchResultPage.<init>(SearchResultPage.java:28)
	at com.bus.booking.TestBase.SearchResultPage.<init>(SearchResultPage.java:28)
	at com.bus.booking.TestBase.SearchResultPage.<init>(SearchResultPage.java:28)
	at com.bus.booking.TestBase.SearchResultPage.<init>(SearchResultPage.java:28)
	at com.bus.booking.TestBase.SearchResultPage.<init>(SearchResultPage.java:28)
	at com.bus.booking.TestBase.SearchResultPage.<init>(SearchResultPage.java:28)
	at com.bus.booking.TestBase.SearchResultPage.<init>(SearchResultPage.java:28)
	at com.bus.booking.TestBase.SearchResultPage.<init>(SearchResultPage.java:28)
	at com.bus.booking.TestBase.SearchResultPage.<init>(SearchResultPage.java:28)
	at com.bus.booking.TestBase.SearchResultPage.<init>(SearchResultPage.java:28)
	at com.bus.booking.TestBase.SearchResultPage.<init>(SearchResultPage.java:28)
	at com.bus.booking.TestBase.SearchResultPage.<init>(SearchResultPage.java:28)
	at com.bus.booking.TestBase.SearchResultPage.<init>(SearchResultPage.java:28)
	at com.bus.booking.TestBase.SearchResultPage.<init>(SearchResultPage.java:28)
	at com.bus.booking.TestBase.SearchResultPage.<init>(SearchResultPage.java:28)
	at com.bus.booking.TestBase.SearchResultPage.<init>(SearchResultPage.java:28)
	at com.bus.booking.TestBase.SearchResultPage.<init>(SearchResultPage.java:28)
	at com.bus.booking.TestBase.SearchResultPage.<init>(SearchResultPage.java:28)
	at com.bus.booking.TestBase.SearchResultPage.<init>(SearchResultPage.java:28)
	at com.bus.booking.TestBase.SearchResultPage.<init>(SearchResultPage.java:28)
	at com.bus.booking.TestBase.SearchResultPage.<init>(SearchResultPage.java:28)
	at com.bus.booking.TestBase.SearchResultPage.<init>(SearchResultPage.java:28)
	at com.bus.booking.TestBase.SearchResultPage.<init>(SearchResultPage.java:28)
	at com.bus.booking.TestBase.SearchResultPage.<init>(SearchResultPage.java:28)
	at com.bus.booking.TestBase.SearchResultPage.<init>(SearchResultPage.java:28)
	at com.bus.booking.TestBase.SearchResultPage.<init>(SearchResultPage.java:28)
	at com.bus.booking.TestBase.SearchResultPage.<init>(SearchResultPage.java:28)
	at com.bus.booking.TestBase.SearchResultPage.<init>(SearchResultPage.java:28)
	at com.bus.booking.TestBase.SearchResultPage.<init>(SearchResultPage.java:28)
	at com.bus.booking.TestBase.SearchResultPage.<init>(SearchResultPage.java:28)
	at com.bus.booking.TestBase.SearchResultPage.<init>(SearchResultPage.java:28)
	at com.bus.booking.TestBase.SearchResultPage.<init>(SearchResultPage.java:28)
	at com.bus.booking.TestBase.SearchResultPage.<init>(SearchResultPage.java:28)
	at com.bus.booking.TestBase.SearchResultPage.<init>(SearchResultPage.java:28)
	at com.bus.booking.TestBase.SearchResultPage.<init>(SearchResultPage.java:28)
	at com.bus.booking.TestBase.SearchResultPage.<init>(SearchResultPage.java:28)
	at com.bus.booking.TestBase.SearchResultPage.<init>(SearchResultPage.java:28)
	at com.bus.booking.TestBase.SearchResultPage.<init>(SearchResultPage.java:28)
	at com.bus.booking.TestBase.SearchResultPage.<init>(SearchResultPage.java:28)
	at com.bus.booking.TestBase.SearchResultPage.<init>(SearchResultPage.java:28)
	at com.bus.booking.TestBase.SearchResultPage.<init>(SearchResultPage.java:28)
	at com.bus.booking.TestBase.SearchResultPage.<init>(SearchResultPage.java:28)
	at com.bus.booking.TestBase.SearchResultPage.<init>(SearchResultPage.java:28)
	at com.bus.booking.TestBase.SearchResultPage.<init>(SearchResultPage.java:28)
	at com.bus.booking.TestBase.SearchResultPage.<init>(SearchResultPage.java:28)
	at com.bus.booking.TestBase.SearchResultPage.<init>(SearchResultPage.java:28)
	at com.bus.booking.TestBase.SearchResultPage.<init>(SearchResultPage.java:28)
	at com.bus.booking.TestBase.SearchResultPage.<init>(SearchResultPage.java:28)
	at com.bus.booking.TestBase.SearchResultPage.<init>(SearchResultPage.java:28)
	at com.bus.booking.TestBase.SearchResultPage.<init>(SearchResultPage.java:28)
	at com.bus.booking.TestBase.SearchResultPage.<init>(SearchResultPage.java:28)
	at com.bus.booking.TestBase.SearchResultPage.<init>(SearchResultPage.java:28)
	at com.bus.booking.TestBase.SearchResultPage.<init>(SearchResultPage.java:28)
	at com.bus.booking.TestBase.SearchResultPage.<init>(SearchResultPage.java:28)
	at com.bus.booking.TestBase.SearchResultPage.<init>(SearchResultPage.java:28)
	at com.bus.booking.TestBase.SearchResultPage.<init>(SearchResultPage.java:28)
	at com.bus.booking.TestBase.SearchResultPage.<init>(SearchResultPage.java:28)
	at com.bus.booking.TestBase.SearchResultPage.<init>(SearchResultPage.java:28)
	at com.bus.booking.TestBase.SearchResultPage.<init>(SearchResultPage.java:28)
	at com.bus.booking.TestBase.SearchResultPage.<init>(SearchResultPage.java:28)
	at com.bus.booking.TestBase.SearchResultPage.<init>(SearchResultPage.java:28)
	at com.bus.booking.TestBase.SearchResultPage.<init>(SearchResultPage.java:28)
	at com.bus.booking.TestBase.SearchResultPage.<init>(SearchResultPage.java:28)
	at com.bus.booking.TestBase.SearchResultPage.<init>(SearchResultPage.java:28)
	at com.bus.booking.TestBase.SearchResultPage.<init>(SearchResultPage.java:28)
	at com.bus.booking.TestBase.SearchResultPage.<init>(SearchResultPage.java:28)
	at com.bus.booking.TestBase.SearchResultPage.<init>(SearchResultPage.java:28)
	at com.bus.booking.TestBase.SearchResultPage.<init>(SearchResultPage.java:28)
	at com.bus.booking.TestBase.SearchResultPage.<init>(SearchResultPage.java:28)
	at com.bus.booking.TestBase.SearchResultPage.<init>(SearchResultPage.java:28)
	at com.bus.booking.TestBase.SearchResultPage.<init>(SearchResultPage.java:28)
	at com.bus.booking.TestBase.SearchResultPage.<init>(SearchResultPage.java:28)
	at com.bus.booking.TestBase.SearchResultPage.<init>(SearchResultPage.java:28)
	at com.bus.booking.TestBase.SearchResultPage.<init>(SearchResultPage.java:28)
	at com.bus.booking.TestBase.SearchResultPage.<init>(SearchResultPage.java:28)
	at com.bus.booking.TestBase.SearchResultPage.<init>(SearchResultPage.java:28)
	at com.bus.booking.TestBase.SearchResultPage.<init>(SearchResultPage.java:28)
	at com.bus.booking.TestBase.SearchResultPage.<init>(SearchResultPage.java:28)
	at com.bus.booking.TestBase.SearchResultPage.<init>(SearchResultPage.java:28)
	at com.bus.booking.TestBase.SearchResultPage.<init>(SearchResultPage.java:28)
	at com.bus.booking.TestBase.SearchResultPage.<init>(SearchResultPage.java:28)
	at com.bus.booking.TestBase.SearchResultPage.<init>(SearchResultPage.java:28)
	at com.bus.booking.TestBase.SearchResultPage.<init>(SearchResultPage.java:28)
	at com.bus.booking.TestBase.SearchResultPage.<init>(SearchResultPage.java:28)
	at com.bus.booking.TestBase.SearchResultPage.<init>(SearchResultPage.java:28)
	at com.bus.booking.TestBase.SearchResultPage.<init>(SearchResultPage.java:28)
	at com.bus.booking.TestBase.SearchResultPage.<init>(SearchResultPage.java:28)
	at com.bus.booking.TestBase.SearchResultPage.<init>(SearchResultPage.java:28)
	at com.bus.booking.TestBase.SearchResultPage.<init>(SearchResultPage.java:28)
	at com.bus.booking.TestBase.SearchResultPage.<init>(SearchResultPage.java:28)
	at com.bus.booking.TestBase.SearchResultPage.<init>(SearchResultPage.java:28)
	at com.bus.booking.TestBase.SearchResultPage.<init>(SearchResultPage.java:28)
	at com.bus.booking.TestBase.SearchResultPage.<init>(SearchResultPage.java:28)
	at com.bus.booking.TestBase.SearchResultPage.<init>(SearchResultPage.java:28)
	at com.bus.booking.TestBase.SearchResultPage.<init>(SearchResultPage.java:28)
	at com.bus.booking.TestBase.SearchResultPage.<init>(SearchResultPage.java:28)
	at com.bus.booking.TestBase.SearchResultPage.<init>(SearchResultPage.java:28)
	at com.bus.booking.TestBase.SearchResultPage.<init>(SearchResultPage.java:28)
	at com.bus.booking.TestBase.SearchResultPage.<init>(SearchResultPage.java:28)
	at com.bus.booking.TestBase.SearchResultPage.<init>(SearchResultPage.java:28)
	at com.bus.booking.TestBase.SearchResultPage.<init>(SearchResultPage.java:28)
	at com.bus.booking.TestBase.SearchResultPage.<init>(SearchResultPage.java:28)
	at com.bus.booking.TestBase.SearchResultPage.<init>(SearchResultPage.java:28)
	at com.bus.booking.TestBase.SearchResultPage.<init>(SearchResultPage.java:28)
	at com.bus.booking.TestBase.SearchResultPage.<init>(SearchResultPage.java:28)
	at com.bus.booking.TestBase.SearchResultPage.<init>(SearchResultPage.java:28)
	at com.bus.booking.TestBase.SearchResultPage.<init>(SearchResultPage.java:28)
	at com.bus.booking.TestBase.SearchResultPage.<init>(SearchResultPage.java:28)
	at com.bus.booking.TestBase.SearchResultPage.<init>(SearchResultPage.java:28)
	at com.bus.booking.TestBase.SearchResultPage.<init>(SearchResultPage.java:28)
	at com.bus.booking.TestBase.SearchResultPage.<init>(SearchResultPage.java:28)
	at com.bus.booking.TestBase.SearchResultPage.<init>(SearchResultPage.java:28)
	at com.bus.booking.TestBase.SearchResultPage.<init>(SearchResultPage.java:28)
	at com.bus.booking.TestBase.SearchResultPage.<init>(SearchResultPage.java:28)
	at com.bus.booking.TestBase.SearchResultPage.<init>(SearchResultPage.java:28)
	at com.bus.booking.TestBase.SearchResultPage.<init>(SearchResultPage.java:28)
	at com.bus.booking.TestBase.SearchResultPage.<init>(SearchResultPage.java:28)
	at com.bus.booking.TestBase.SearchResultPage.<init>(SearchResultPage.java:28)
	at com.bus.booking.TestBase.SearchResultPage.<init>(SearchResultPage.java:28)
	at com.bus.booking.TestBase.SearchResultPage.<init>(SearchResultPage.java:28)
	at com.bus.booking.TestBase.SearchResultPage.<init>(SearchResultPage.java:28)
	at com.bus.booking.TestBase.SearchResultPage.<init>(SearchResultPage.java:28)
	at com.bus.booking.TestBase.SearchResultPage.<init>(SearchResultPage.java:28)
	at com.bus.booking.TestBase.SearchResultPage.<init>(SearchResultPage.java:28)
	at com.bus.booking.TestBase.SearchResultPage.<init>(SearchResultPage.java:28)
	at com.bus.booking.TestBase.SearchResultPage.<init>(SearchResultPage.java:28)
	at com.bus.booking.TestBase.SearchResultPage.<init>(SearchResultPage.java:28)
	at com.bus.booking.TestBase.SearchResultPage.<init>(SearchResultPage.java:28)
	at com.bus.booking.TestBase.SearchResultPage.<init>(SearchResultPage.java:28)
	at com.bus.booking.TestBase.SearchResultPage.<init>(SearchResultPage.java:28)
	at com.bus.booking.TestBase.SearchResultPage.<init>(SearchResultPage.java:28)
	at com.bus.booking.TestBase.SearchResultPage.<init>(SearchResultPage.java:28)
	at com.bus.booking.TestBase.SearchResultPage.<init>(SearchResultPage.java:28)
	at com.bus.booking.TestBase.SearchResultPage.<init>(SearchResultPage.java:28)
	at com.bus.booking.TestBase.SearchResultPage.<init>(SearchResultPage.java:28)
	at com.bus.booking.TestBase.SearchResultPage.<init>(SearchResultPage.java:28)
	at com.bus.booking.TestBase.SearchResultPage.<init>(SearchResultPage.java:28)
	at com.bus.booking.TestBase.SearchResultPage.<init>(SearchResultPage.java:28)
	at com.bus.booking.TestBase.SearchResultPage.<init>(SearchResultPage.java:28)
	at com.bus.booking.TestBase.SearchResultPage.<init>(SearchResultPage.java:28)
	at com.bus.booking.TestBase.SearchResultPage.<init>(SearchResultPage.java:28)
	at com.bus.booking.TestBase.SearchResultPage.<init>(SearchResultPage.java:28)
	at com.bus.booking.TestBase.SearchResultPage.<init>(SearchResultPage.java:28)
	at com.bus.booking.TestBase.SearchResultPage.<init>(SearchResultPage.java:28)
	at com.bus.booking.TestBase.SearchResultPage.<init>(SearchResultPage.java:28)
	at com.bus.booking.TestBase.SearchResultPage.<init>(SearchResultPage.java:28)
	at com.bus.booking.TestBase.SearchResultPage.<init>(SearchResultPage.java:28)
	at com.bus.booking.TestBase.SearchResultPage.<init>(SearchResultPage.java:28)
	at com.bus.booking.TestBase.SearchResultPage.<init>(SearchResultPage.java:28)
	at com.bus.booking.TestBase.SearchResultPage.<init>(SearchResultPage.java:28)
	at com.bus.booking.TestBase.SearchResultPage.<init>(SearchResultPage.java:28)
	at com.bus.booking.TestBase.SearchResultPage.<init>(SearchResultPage.java:28)
	at com.bus.booking.TestBase.SearchResultPage.<init>(SearchResultPage.java:28)
	at com.bus.booking.TestBase.SearchResultPage.<init>(SearchResultPage.java:28)
	at com.bus.booking.TestBase.SearchResultPage.<init>(SearchResultPage.java:28)
	at com.bus.booking.TestBase.SearchResultPage.<init>(SearchResultPage.java:28)
	at com.bus.booking.TestBase.SearchResultPage.<init>(SearchResultPage.java:28)
	at com.bus.booking.TestBase.SearchResultPage.<init>(SearchResultPage.java:28)
	at com.bus.booking.TestBase.SearchResultPage.<init>(SearchResultPage.java:28)
	at com.bus.booking.TestBase.SearchResultPage.<init>(SearchResultPage.java:28)
	at com.bus.booking.TestBase.SearchResultPage.<init>(SearchResultPage.java:28)
	at com.bus.booking.TestBase.SearchResultPage.<init>(SearchResultPage.java:28)
	at com.bus.booking.TestBase.SearchResultPage.<init>(SearchResultPage.java:28)
	at com.bus.booking.TestBase.SearchResultPage.<init>(SearchResultPage.java:28)
	at com.bus.booking.TestBase.SearchResultPage.<init>(SearchResultPage.java:28)
	at com.bus.booking.TestBase.SearchResultPage.<init>(SearchResultPage.java:28)
	at com.bus.booking.TestBase.SearchResultPage.<init>(SearchResultPage.java:28)
	at com.bus.booking.TestBase.SearchResultPage.<init>(SearchResultPage.java:28)
	at com.bus.booking.TestBase.SearchResultPage.<init>(SearchResultPage.java:28)
	at com.bus.booking.TestBase.SearchResultPage.<init>(SearchResultPage.java:28)
	at com.bus.booking.TestBase.SearchResultPage.<init>(SearchResultPage.java:28)
	at com.bus.booking.TestBase.SearchResultPage.<init>(SearchResultPage.java:28)
	at com.bus.booking.TestBase.SearchResultPage.<init>(SearchResultPage.java:28)
	at com.bus.booking.TestBase.SearchResultPage.<init>(SearchResultPage.java:28)
	at com.bus.booking.TestBase.SearchResultPage.<init>(SearchResultPage.java:28)
	at com.bus.booking.TestBase.SearchResultPage.<init>(SearchResultPage.java:28)
	at com.bus.booking.TestBase.SearchResultPage.<init>(SearchResultPage.java:28)
	at com.bus.booking.TestBase.SearchResultPage.<init>(SearchResultPage.java:28)
	at com.bus.booking.TestBase.SearchResultPage.<init>(SearchResultPage.java:28)
	at com.bus.booking.TestBase.SearchResultPage.<init>(SearchResultPage.java:28)
	at com.bus.booking.TestBase.SearchResultPage.<init>(SearchResultPage.java:28)
	at com.bus.booking.TestBase.SearchResultPage.<init>(SearchResultPage.java:28)
	at com.bus.booking.TestBase.SearchResultPage.<init>(SearchResultPage.java:28)
	at com.bus.booking.TestBase.SearchResultPage.<init>(SearchResultPage.java:28)
	at com.bus.booking.TestBase.SearchResultPage.<init>(SearchResultPage.java:28)
	at com.bus.booking.TestBase.SearchResultPage.<init>(SearchResultPage.java:28)
	at com.bus.booking.TestBase.SearchResultPage.<init>(SearchResultPage.java:28)
	at com.bus.booking.TestBase.SearchResultPage.<init>(SearchResultPage.java:28)
	at com.bus.booking.TestBase.SearchResultPage.<init>(SearchResultPage.java:28)
	at com.bus.booking.TestBase.SearchResultPage.<init>(SearchResultPage.java:28)
	at com.bus.booking.TestBase.SearchResultPage.<init>(SearchResultPage.java:28)
	at com.bus.booking.TestBase.SearchResultPage.<init>(SearchResultPage.java:28)
	at com.bus.booking.TestBase.SearchResultPage.<init>(SearchResultPage.java:28)
	at com.bus.booking.TestBase.SearchResultPage.<init>(SearchResultPage.java:28)
	at com.bus.booking.TestBase.SearchResultPage.<init>(SearchResultPage.java:28)
	at com.bus.booking.TestBase.SearchResultPage.<init>(SearchResultPage.java:28)
	at com.bus.booking.TestBase.SearchResultPage.<init>(SearchResultPage.java:28)
	at com.bus.booking.TestBase.SearchResultPage.<init>(SearchResultPage.java:28)
	at com.bus.booking.TestBase.SearchResultPage.<init>(SearchResultPage.java:28)
	at com.bus.booking.TestBase.SearchResultPage.<init>(SearchResultPage.java:28)
	at com.bus.booking.TestBase.SearchResultPage.<init>(SearchResultPage.java:28)
	at com.bus.booking.TestBase.SearchResultPage.<init>(SearchResultPage.java:28)
	at com.bus.booking.TestBase.SearchResultPage.<init>(SearchResultPage.java:28)
	at com.bus.booking.TestBase.SearchResultPage.<init>(SearchResultPage.java:28)
	at com.bus.booking.TestBase.SearchResultPage.<init>(SearchResultPage.java:28)
	at com.bus.booking.TestBase.SearchResultPage.<init>(SearchResultPage.java:28)
	at com.bus.booking.TestBase.SearchResultPage.<init>(SearchResultPage.java:28)
	at com.bus.booking.TestBase.SearchResultPage.<init>(SearchResultPage.java:28)
	at com.bus.booking.TestBase.SearchResultPage.<init>(SearchResultPage.java:28)
	at com.bus.booking.TestBase.SearchResultPage.<init>(SearchResultPage.java:28)
	at com.bus.booking.TestBase.SearchResultPage.<init>(SearchResultPage.java:28)
	at com.bus.booking.TestBase.SearchResultPage.<init>(SearchResultPage.java:28)
	at com.bus.booking.TestBase.SearchResultPage.<init>(SearchResultPage.java:28)
	at com.bus.booking.TestBase.SearchResultPage.<init>(SearchResultPage.java:28)
	at com.bus.booking.TestBase.SearchResultPage.<init>(SearchResultPage.java:28)
	at com.bus.booking.TestBase.SearchResultPage.<init>(SearchResultPage.java:28)
	at com.bus.booking.TestBase.SearchResultPage.<init>(SearchResultPage.java:28)
	at com.bus.booking.TestBase.SearchResultPage.<init>(SearchResultPage.java:28)
	at com.bus.booking.TestBase.SearchResultPage.<init>(SearchResultPage.java:28)
	at com.bus.booking.TestBase.SearchResultPage.<init>(SearchResultPage.java:28)
	at com.bus.booking.TestBase.SearchResultPage.<init>(SearchResultPage.java:28)
	at com.bus.booking.TestBase.SearchResultPage.<init>(SearchResultPage.java:28)
	at com.bus.booking.TestBase.SearchResultPage.<init>(SearchResultPage.java:28)
	at com.bus.booking.TestBase.SearchResultPage.<init>(SearchResultPage.java:28)
	at com.bus.booking.TestBase.SearchResultPage.<init>(SearchResultPage.java:28)
	at com.bus.booking.TestBase.SearchResultPage.<init>(SearchResultPage.java:28)
	at com.bus.booking.TestBase.SearchResultPage.<init>(SearchResultPage.java:28)
	at com.bus.booking.TestBase.SearchResultPage.<init>(SearchResultPage.java:28)
	at com.bus.booking.TestBase.SearchResultPage.<init>(SearchResultPage.java:28)
	at com.bus.booking.TestBase.SearchResultPage.<init>(SearchResultPage.java:28)
	at com.bus.booking.TestBase.SearchResultPage.<init>(SearchResultPage.java:28)
	at com.bus.booking.TestBase.SearchResultPage.<init>(SearchResultPage.java:28)
	at com.bus.booking.TestBase.SearchResultPage.<init>(SearchResultPage.java:28)
	at com.bus.booking.TestBase.SearchResultPage.<init>(SearchResultPage.java:28)
	at com.bus.booking.TestBase.SearchResultPage.<init>(SearchResultPage.java:28)
	at com.bus.booking.TestBase.SearchResultPage.<init>(SearchResultPage.java:28)
	at com.bus.booking.TestBase.SearchResultPage.<init>(SearchResultPage.java:28)
	at com.bus.booking.TestBase.SearchResultPage.<init>(SearchResultPage.java:28)
	at com.bus.booking.TestBase.SearchResultPage.<init>(SearchResultPage.java:28)
	at com.bus.booking.TestBase.SearchResultPage.<init>(SearchResultPage.java:28)
	at com.bus.booking.TestBase.SearchResultPage.<init>(SearchResultPage.java:28)
	at com.bus.booking.TestBase.SearchResultPage.<init>(SearchResultPage.java:28)
	at com.bus.booking.TestBase.SearchResultPage.<init>(SearchResultPage.java:28)
	at com.bus.booking.TestBase.SearchResultPage.<init>(SearchResultPage.java:28)
	at com.bus.booking.TestBase.SearchResultPage.<init>(SearchResultPage.java:28)
	at com.bus.booking.TestBase.SearchResultPage.<init>(SearchResultPage.java:28)
	at com.bus.booking.TestBase.SearchResultPage.<init>(SearchResultPage.java:28)
	at com.bus.booking.TestBase.SearchResultPage.<init>(SearchResultPage.java:28)
	at com.bus.booking.TestBase.SearchResultPage.<init>(SearchResultPage.java:28)
	at com.bus.booking.TestBase.SearchResultPage.<init>(SearchResultPage.java:28)
	at com.bus.booking.TestBase.SearchResultPage.<init>(SearchResultPage.java:28)
	at com.bus.booking.TestBase.SearchResultPage.<init>(SearchResultPage.java:28)
	at com.bus.booking.TestBase.SearchResultPage.<init>(SearchResultPage.java:28)
	at com.bus.booking.TestBase.SearchResultPage.<init>(SearchResultPage.java:28)
	at com.bus.booking.TestBase.SearchResultPage.<init>(SearchResultPage.java:28)
	at com.bus.booking.TestBase.SearchResultPage.<init>(SearchResultPage.java:28)
	at com.bus.booking.TestBase.SearchResultPage.<init>(SearchResultPage.java:28)
	at com.bus.booking.TestBase.SearchResultPage.<init>(SearchResultPage.java:28)
	at com.bus.booking.TestBase.SearchResultPage.<init>(SearchResultPage.java:28)
	at com.bus.booking.TestBase.SearchResultPage.<init>(SearchResultPage.java:28)
	at com.bus.booking.TestBase.SearchResultPage.<init>(SearchResultPage.java:28)
	at com.bus.booking.TestBase.SearchResultPage.<init>(SearchResultPage.java:28)
	at com.bus.booking.TestBase.SearchResultPage.<init>(SearchResultPage.java:28)
	at com.bus.booking.TestBase.SearchResultPage.<init>(SearchResultPage.java:28)
	at com.bus.booking.TestBase.SearchResultPage.<init>(SearchResultPage.java:28)
	at com.bus.booking.TestBase.SearchResultPage.<init>(SearchResultPage.java:28)
	at com.bus.booking.TestBase.SearchResultPage.<init>(SearchResultPage.java:28)
	at com.bus.booking.TestBase.SearchResultPage.<init>(SearchResultPage.java:28)
	at com.bus.booking.TestBase.SearchResultPage.<init>(SearchResultPage.java:28)
	at com.bus.booking.TestBase.SearchResultPage.<init>(SearchResultPage.java:28)
	at com.bus.booking.TestBase.SearchResultPage.<init>(SearchResultPage.java:28)
	at com.bus.booking.TestBase.SearchResultPage.<init>(SearchResultPage.java:28)
	at com.bus.booking.TestBase.SearchResultPage.<init>(SearchResultPage.java:28)
	at com.bus.booking.TestBase.SearchResultPage.<init>(SearchResultPage.java:28)
	at com.bus.booking.TestBase.SearchResultPage.<init>(SearchResultPage.java:28)
	at com.bus.booking.TestBase.SearchResultPage.<init>(SearchResultPage.java:28)
	at com.bus.booking.TestBase.SearchResultPage.<init>(SearchResultPage.java:28)
	at com.bus.booking.TestBase.SearchResultPage.<init>(SearchResultPage.java:28)
	at com.bus.booking.TestBase.SearchResultPage.<init>(SearchResultPage.java:28)
	at com.bus.booking.TestBase.SearchResultPage.<init>(SearchResultPage.java:28)
	at com.bus.booking.TestBase.SearchResultPage.<init>(SearchResultPage.java:28)
	at com.bus.booking.TestBase.SearchResultPage.<init>(SearchResultPage.java:28)
	at com.bus.booking.TestBase.SearchResultPage.<init>(SearchResultPage.java:28)
	at com.bus.booking.TestBase.SearchResultPage.<init>(SearchResultPage.java:28)
	at com.bus.booking.TestBase.SearchResultPage.<init>(SearchResultPage.java:28)
	at com.bus.booking.TestBase.SearchResultPage.<init>(SearchResultPage.java:28)
	at com.bus.booking.TestBase.SearchResultPage.<init>(SearchResultPage.java:28)
	at com.bus.booking.TestBase.SearchResultPage.<init>(SearchResultPage.java:28)
	at com.bus.booking.TestBase.SearchResultPage.<init>(SearchResultPage.java:28)
	at com.bus.booking.TestBase.SearchResultPage.<init>(SearchResultPage.java:28)
	at com.bus.booking.TestBase.SearchResultPage.<init>(SearchResultPage.java:28)
	at com.bus.booking.TestBase.SearchResultPage.<init>(SearchResultPage.java:28)
	at com.bus.booking.TestBase.SearchResultPage.<init>(SearchResultPage.java:28)
	at com.bus.booking.TestBase.SearchResultPage.<init>(SearchResultPage.java:28)
	at com.bus.booking.TestBase.SearchResultPage.<init>(SearchResultPage.java:28)
	at com.bus.booking.TestBase.SearchResultPage.<init>(SearchResultPage.java:28)
	at com.bus.booking.TestBase.SearchResultPage.<init>(SearchResultPage.java:28)
	at com.bus.booking.TestBase.SearchResultPage.<init>(SearchResultPage.java:28)
	at com.bus.booking.TestBase.SearchResultPage.<init>(SearchResultPage.java:28)
	at com.bus.booking.TestBase.SearchResultPage.<init>(SearchResultPage.java:28)
	at com.bus.booking.TestBase.SearchResultPage.<init>(SearchResultPage.java:28)
	at com.bus.booking.TestBase.SearchResultPage.<init>(SearchResultPage.java:28)
	at com.bus.booking.TestBase.SearchResultPage.<init>(SearchResultPage.java:28)
	at com.bus.booking.TestBase.SearchResultPage.<init>(SearchResultPage.java:28)
	at com.bus.booking.TestBase.SearchResultPage.<init>(SearchResultPage.java:28)
	at com.bus.booking.TestBase.SearchResultPage.<init>(SearchResultPage.java:28)
	at com.bus.booking.TestBase.SearchResultPage.<init>(SearchResultPage.java:28)
	at com.bus.booking.TestBase.SearchResultPage.<init>(SearchResultPage.java:28)
	at com.bus.booking.TestBase.SearchResultPage.<init>(SearchResultPage.java:28)
	at com.bus.booking.TestBase.SearchResultPage.<init>(SearchResultPage.java:28)
	at com.bus.booking.TestBase.SearchResultPage.<init>(SearchResultPage.java:28)
	at com.bus.booking.TestBase.SearchResultPage.<init>(SearchResultPage.java:28)
	at com.bus.booking.TestBase.SearchResultPage.<init>(SearchResultPage.java:28)
	at com.bus.booking.TestBase.SearchResultPage.<init>(SearchResultPage.java:28)
	at com.bus.booking.TestBase.SearchResultPage.<init>(SearchResultPage.java:28)
	at com.bus.booking.TestBase.SearchResultPage.<init>(SearchResultPage.java:28)
	at com.bus.booking.TestBase.SearchResultPage.<init>(SearchResultPage.java:28)
	at com.bus.booking.TestBase.SearchResultPage.<init>(SearchResultPage.java:28)
	at com.bus.booking.TestBase.SearchResultPage.<init>(SearchResultPage.java:28)
	at com.bus.booking.TestBase.SearchResultPage.<init>(SearchResultPage.java:28)
	at com.bus.booking.TestBase.SearchResultPage.<init>(SearchResultPage.java:28)
	at com.bus.booking.TestBase.SearchResultPage.<init>(SearchResultPage.java:28)
	at com.bus.booking.TestBase.SearchResultPage.<init>(SearchResultPage.java:28)
	at com.bus.booking.TestBase.SearchResultPage.<init>(SearchResultPage.java:28)
	at com.bus.booking.TestBase.SearchResultPage.<init>(SearchResultPage.java:28)
	at com.bus.booking.TestBase.SearchResultPage.<init>(SearchResultPage.java:28)
	at com.bus.booking.TestBase.SearchResultPage.<init>(SearchResultPage.java:28)
	at com.bus.booking.TestBase.SearchResultPage.<init>(SearchResultPage.java:28)
	at com.bus.booking.TestBase.SearchResultPage.<init>(SearchResultPage.java:28)
	at com.bus.booking.TestBase.SearchResultPage.<init>(SearchResultPage.java:28)
	at com.bus.booking.TestBase.SearchResultPage.<init>(SearchResultPage.java:28)
	at com.bus.booking.TestBase.SearchResultPage.<init>(SearchResultPage.java:28)
	at com.bus.booking.TestBase.SearchResultPage.<init>(SearchResultPage.java:28)
	at com.bus.booking.TestBase.SearchResultPage.<init>(SearchResultPage.java:28)
	at com.bus.booking.TestBase.SearchResultPage.<init>(SearchResultPage.java:28)
	at com.bus.booking.TestBase.SearchResultPage.<init>(SearchResultPage.java:28)
	at com.bus.booking.TestBase.SearchResultPage.<init>(SearchResultPage.java:28)
	at com.bus.booking.TestBase.SearchResultPage.<init>(SearchResultPage.java:28)
	at com.bus.booking.TestBase.SearchResultPage.<init>(SearchResultPage.java:28)
	at com.bus.booking.TestBase.SearchResultPage.<init>(SearchResultPage.java:28)
	at com.bus.booking.TestBase.SearchResultPage.<init>(SearchResultPage.java:28)
	at com.bus.booking.TestBase.SearchResultPage.<init>(SearchResultPage.java:28)
	at com.bus.booking.TestBase.SearchResultPage.<init>(SearchResultPage.java:28)
	at com.bus.booking.TestBase.SearchResultPage.<init>(SearchResultPage.java:28)
	at com.bus.booking.TestBase.SearchResultPage.<init>(SearchResultPage.java:28)
	at com.bus.booking.TestBase.SearchResultPage.<init>(SearchResultPage.java:28)
	at com.bus.booking.TestBase.SearchResultPage.<init>(SearchResultPage.java:28)
	at com.bus.booking.TestBase.SearchResultPage.<init>(SearchResultPage.java:28)
	at com.bus.booking.TestBase.SearchResultPage.<init>(SearchResultPage.java:28)
	at com.bus.booking.TestBase.SearchResultPage.<init>(SearchResultPage.java:28)
	at com.bus.booking.TestBase.SearchResultPage.<init>(SearchResultPage.java:28)
	at com.bus.booking.TestBase.SearchResultPage.<init>(SearchResultPage.java:28)
	at com.bus.booking.TestBase.SearchResultPage.<init>(SearchResultPage.java:28)
	at com.bus.booking.TestBase.SearchResultPage.<init>(SearchResultPage.java:28)
	at com.bus.booking.TestBase.SearchResultPage.<init>(SearchResultPage.java:28)
	at com.bus.booking.TestBase.SearchResultPage.<init>(SearchResultPage.java:28)
	at com.bus.booking.TestBase.SearchResultPage.<init>(SearchResultPage.java:28)
	at com.bus.booking.TestBase.SearchResultPage.<init>(SearchResultPage.java:28)
	at com.bus.booking.TestBase.SearchResultPage.<init>(SearchResultPage.java:28)
	at com.bus.booking.TestBase.SearchResultPage.<init>(SearchResultPage.java:28)
	at com.bus.booking.TestBase.SearchResultPage.<init>(SearchResultPage.java:28)
	at com.bus.booking.TestBase.SearchResultPage.<init>(SearchResultPage.java:28)
	at com.bus.booking.TestBase.SearchResultPage.<init>(SearchResultPage.java:28)
	at com.bus.booking.TestBase.SearchResultPage.<init>(SearchResultPage.java:28)
	at com.bus.booking.TestBase.SearchResultPage.<init>(SearchResultPage.java:28)
	at com.bus.booking.TestBase.SearchResultPage.<init>(SearchResultPage.java:28)
	at com.bus.booking.TestBase.SearchResultPage.<init>(SearchResultPage.java:28)
	at com.bus.booking.TestBase.SearchResultPage.<init>(SearchResultPage.java:28)
	at com.bus.booking.TestBase.SearchResultPage.<init>(SearchResultPage.java:28)
	at com.bus.booking.TestBase.SearchResultPage.<init>(SearchResultPage.java:28)
	at com.bus.booking.TestBase.SearchResultPage.<init>(SearchResultPage.java:28)
	at com.bus.booking.TestBase.SearchResultPage.<init>(SearchResultPage.java:28)
	at com.bus.booking.TestBase.SearchResultPage.<init>(SearchResultPage.java:28)
	at com.bus.booking.TestBase.SearchResultPage.<init>(SearchResultPage.java:28)
	at com.bus.booking.TestBase.SearchResultPage.<init>(SearchResultPage.java:28)
	at com.bus.booking.TestBase.SearchResultPage.<init>(SearchResultPage.java:28)
	at com.bus.booking.TestBase.SearchResultPage.<init>(SearchResultPage.java:28)
	at com.bus.booking.TestBase.SearchResultPage.<init>(SearchResultPage.java:28)
	at com.bus.booking.TestBase.SearchResultPage.<init>(SearchResultPage.java:28)
	at com.bus.booking.TestBase.SearchResultPage.<init>(SearchResultPage.java:28)
	at com.bus.booking.TestBase.SearchResultPage.<init>(SearchResultPage.java:28)
	at com.bus.booking.TestBase.SearchResultPage.<init>(SearchResultPage.java:28)
	at com.bus.booking.TestBase.SearchResultPage.<init>(SearchResultPage.java:28)
	at com.bus.booking.TestBase.SearchResultPage.<init>(SearchResultPage.java:28)
	at com.bus.booking.TestBase.SearchResultPage.<init>(SearchResultPage.java:28)
	at com.bus.booking.TestBase.SearchResultPage.<init>(SearchResultPage.java:28)
	at com.bus.booking.TestBase.SearchResultPage.<init>(SearchResultPage.java:28)
	at com.bus.booking.TestBase.SearchResultPage.<init>(SearchResultPage.java:28)
	at com.bus.booking.TestBase.SearchResultPage.<init>(SearchResultPage.java:28)
	at com.bus.booking.TestBase.SearchResultPage.<init>(SearchResultPage.java:28)
	at com.bus.booking.TestBase.SearchResultPage.<init>(SearchResultPage.java:28)
	at com.bus.booking.TestBase.SearchResultPage.<init>(SearchResultPage.java:28)
	at com.bus.booking.TestBase.SearchResultPage.<init>(SearchResultPage.java:28)
	at com.bus.booking.TestBase.SearchResultPage.<init>(SearchResultPage.java:28)
	at com.bus.booking.TestBase.SearchResultPage.<init>(SearchResultPage.java:28)
	at com.bus.booking.TestBase.SearchResultPage.<init>(SearchResultPage.java:28)
	at com.bus.booking.TestBase.SearchResultPage.<init>(SearchResultPage.java:28)
	at com.bus.booking.TestBase.SearchResultPage.<init>(SearchResultPage.java:28)
	at com.bus.booking.TestBase.SearchResultPage.<init>(SearchResultPage.java:28)
	at com.bus.booking.TestBase.SearchResultPage.<init>(SearchResultPage.java:28)
	at com.bus.booking.TestBase.SearchResultPage.<init>(SearchResultPage.java:28)
	at com.bus.booking.TestBase.SearchResultPage.<init>(SearchResultPage.java:28)
	at com.bus.booking.TestBase.SearchResultPage.<init>(SearchResultPage.java:28)
	at com.bus.booking.TestBase.SearchResultPage.<init>(SearchResultPage.java:28)
	at com.bus.booking.TestBase.SearchResultPage.<init>(SearchResultPage.java:28)
	at com.bus.booking.TestBase.SearchResultPage.<init>(SearchResultPage.java:28)
	at com.bus.booking.TestBase.SearchResultPage.<init>(SearchResultPage.java:28)
	at com.bus.booking.TestBase.SearchResultPage.<init>(SearchResultPage.java:28)
	at com.bus.booking.TestBase.SearchResultPage.<init>(SearchResultPage.java:28)
	at com.bus.booking.TestBase.SearchResultPage.<init>(SearchResultPage.java:28)
	at com.bus.booking.TestBase.SearchResultPage.<init>(SearchResultPage.java:28)
	at com.bus.booking.TestBase.SearchResultPage.<init>(SearchResultPage.java:28)
	at com.bus.booking.TestBase.SearchResultPage.<init>(SearchResultPage.java:28)
	at com.bus.booking.TestBase.SearchResultPage.<init>(SearchResultPage.java:28)
	at com.bus.booking.TestBase.SearchResultPage.<init>(SearchResultPage.java:28)
	at com.bus.booking.TestBase.SearchResultPage.<init>(SearchResultPage.java:28)
	at com.bus.booking.TestBase.SearchResultPage.<init>(SearchResultPage.java:28)
	at com.bus.booking.TestBase.SearchResultPage.<init>(SearchResultPage.java:28)
	at com.bus.booking.TestBase.SearchResultPage.<init>(SearchResultPage.java:28)
	at com.bus.booking.TestBase.SearchResultPage.<init>(SearchResultPage.java:28)
	at com.bus.booking.TestBase.SearchResultPage.<init>(SearchResultPage.java:28)
	at com.bus.booking.TestBase.SearchResultPage.<init>(SearchResultPage.java:28)
	at com.bus.booking.TestBase.SearchResultPage.<init>(SearchResultPage.java:28)
	at com.bus.booking.TestBase.SearchResultPage.<init>(SearchResultPage.java:28)
	at com.bus.booking.TestBase.SearchResultPage.<init>(SearchResultPage.java:28)
	at com.bus.booking.TestBase.SearchResultPage.<init>(SearchResultPage.java:28)
	at com.bus.booking.TestBase.SearchResultPage.<init>(SearchResultPage.java:28)
	at com.bus.booking.TestBase.SearchResultPage.<init>(SearchResultPage.java:28)
	at com.bus.booking.TestBase.SearchResultPage.<init>(SearchResultPage.java:28)
	at com.bus.booking.TestBase.SearchResultPage.<init>(SearchResultPage.java:28)
	at com.bus.booking.TestBase.SearchResultPage.<init>(SearchResultPage.java:28)
	at com.bus.booking.TestBase.SearchResultPage.<init>(SearchResultPage.java:28)
	at com.bus.booking.TestBase.SearchResultPage.<init>(SearchResultPage.java:28)
	at com.bus.booking.TestBase.SearchResultPage.<init>(SearchResultPage.java:28)
	at com.bus.booking.TestBase.SearchResultPage.<init>(SearchResultPage.java:28)
	at com.bus.booking.TestBase.SearchResultPage.<init>(SearchResultPage.java:28)
	at com.bus.booking.TestBase.SearchResultPage.<init>(SearchResultPage.java:28)
	at com.bus.booking.TestBase.SearchResultPage.<init>(SearchResultPage.java:28)
	at com.bus.booking.TestBase.SearchResultPage.<init>(SearchResultPage.java:28)
	at com.bus.booking.TestBase.SearchResultPage.<init>(SearchResultPage.java:28)
	at com.bus.booking.TestBase.SearchResultPage.<init>(SearchResultPage.java:28)
	at com.bus.booking.TestBase.SearchResultPage.<init>(SearchResultPage.java:28)
	at com.bus.booking.TestBase.SearchResultPage.<init>(SearchResultPage.java:28)
	at com.bus.booking.TestBase.SearchResultPage.<init>(SearchResultPage.java:28)
	at com.bus.booking.TestBase.SearchResultPage.<init>(SearchResultPage.java:28)
	at com.bus.booking.TestBase.SearchResultPage.<init>(SearchResultPage.java:28)
	at com.bus.booking.TestBase.SearchResultPage.<init>(SearchResultPage.java:28)
	at com.bus.booking.TestBase.SearchResultPage.<init>(SearchResultPage.java:28)
	at com.bus.booking.TestBase.SearchResultPage.<init>(SearchResultPage.java:28)
	at com.bus.booking.TestBase.SearchResultPage.<init>(SearchResultPage.java:28)
	at com.bus.booking.TestBase.SearchResultPage.<init>(SearchResultPage.java:28)
	at com.bus.booking.TestBase.SearchResultPage.<init>(SearchResultPage.java:28)
	at com.bus.booking.TestBase.SearchResultPage.<init>(SearchResultPage.java:28)
	at com.bus.booking.TestBase.SearchResultPage.<init>(SearchResultPage.java:28)
	at com.bus.booking.TestBase.SearchResultPage.<init>(SearchResultPage.java:28)
	at com.bus.booking.TestBase.SearchResultPage.<init>(SearchResultPage.java:28)
	at com.bus.booking.TestBase.SearchResultPage.<init>(SearchResultPage.java:28)
	at com.bus.booking.TestBase.SearchResultPage.<init>(SearchResultPage.java:28)
	at com.bus.booking.TestBase.SearchResultPage.<init>(SearchResultPage.java:28)
	at com.bus.booking.TestBase.SearchResultPage.<init>(SearchResultPage.java:28)
	at com.bus.booking.TestBase.SearchResultPage.<init>(SearchResultPage.java:28)
	at com.bus.booking.TestBase.SearchResultPage.<init>(SearchResultPage.java:28)
	at com.bus.booking.TestBase.SearchResultPage.<init>(SearchResultPage.java:28)
	at com.bus.booking.TestBase.SearchResultPage.<init>(SearchResultPage.java:28)
	at com.bus.booking.TestBase.SearchResultPage.<init>(SearchResultPage.java:28)
	at com.bus.booking.TestBase.SearchResultPage.<init>(SearchResultPage.java:28)
	at com.bus.booking.TestBase.SearchResultPage.<init>(SearchResultPage.java:28)
	at com.bus.booking.TestBase.SearchResultPage.<init>(SearchResultPage.java:28)
	at com.bus.booking.TestBase.SearchResultPage.<init>(SearchResultPage.java:28)
	at com.bus.booking.TestBase.SearchResultPage.<init>(SearchResultPage.java:28)
	at com.bus.booking.TestBase.SearchResultPage.<init>(SearchResultPage.java:28)
	at com.bus.booking.TestBase.SearchResultPage.<init>(SearchResultPage.java:28)
	at com.bus.booking.TestBase.SearchResultPage.<init>(SearchResultPage.java:28)
	at com.bus.booking.TestBase.SearchResultPage.<init>(SearchResultPage.java:28)
	at com.bus.booking.TestBase.SearchResultPage.<init>(SearchResultPage.java:28)
	at com.bus.booking.TestBase.SearchResultPage.<init>(SearchResultPage.java:28)
	at com.bus.booking.TestBase.SearchResultPage.<init>(SearchResultPage.java:28)
	at com.bus.booking.TestBase.SearchResultPage.<init>(SearchResultPage.java:28)
	at com.bus.booking.TestBase.SearchResultPage.<init>(SearchResultPage.java:28)
	at com.bus.booking.TestBase.SearchResultPage.<init>(SearchResultPage.java:28)
	at com.bus.booking.TestBase.SearchResultPage.<init>(SearchResultPage.java:28)
	at com.bus.booking.TestBase.SearchResultPage.<init>(SearchResultPage.java:28)
	at com.bus.booking.TestBase.SearchResultPage.<init>(SearchResultPage.java:28)
	at com.bus.booking.TestBase.SearchResultPage.<init>(SearchResultPage.java:28)
	at com.bus.booking.TestBase.SearchResultPage.<init>(SearchResultPage.java:28)
	at com.bus.booking.TestBase.SearchResultPage.<init>(SearchResultPage.java:28)
	at com.bus.booking.TestBase.SearchResultPage.<init>(SearchResultPage.java:28)
	at com.bus.booking.TestBase.SearchResultPage.<init>(SearchResultPage.java:28)
	at com.bus.booking.TestBase.SearchResultPage.<init>(SearchResultPage.java:28)
	at com.bus.booking.TestBase.SearchResultPage.<init>(SearchResultPage.java:28)
	at com.bus.booking.TestBase.SearchResultPage.<init>(SearchResultPage.java:28)
	at com.bus.booking.TestBase.SearchResultPage.<init>(SearchResultPage.java:28)
	at com.bus.booking.TestBase.SearchResultPage.<init>(SearchResultPage.java:28)
	at com.bus.booking.TestBase.SearchResultPage.<init>(SearchResultPage.java:28)
	at com.bus.booking.TestBase.SearchResultPage.<init>(SearchResultPage.java:28)
	at com.bus.booking.TestBase.SearchResultPage.<init>(SearchResultPage.java:28)
	at com.bus.booking.TestBase.SearchResultPage.<init>(SearchResultPage.java:28)
	at com.bus.booking.TestBase.SearchResultPage.<init>(SearchResultPage.java:28)
	at com.bus.booking.TestBase.SearchResultPage.<init>(SearchResultPage.java:28)
	at com.bus.booking.TestBase.SearchResultPage.<init>(SearchResultPage.java:28)
	at com.bus.booking.TestBase.SearchResultPage.<init>(SearchResultPage.java:28)
	at com.bus.booking.TestBase.SearchResultPage.<init>(SearchResultPage.java:28)
	at com.bus.booking.TestBase.SearchResultPage.<init>(SearchResultPage.java:28)
	at com.bus.booking.TestBase.SearchResultPage.<init>(SearchResultPage.java:28)
	at com.bus.booking.TestBase.SearchResultPage.<init>(SearchResultPage.java:28)
	at com.bus.booking.TestBase.SearchResultPage.<init>(SearchResultPage.java:28)
	at com.bus.booking.TestBase.SearchResultPage.<init>(SearchResultPage.java:28)
	at com.bus.booking.TestBase.SearchResultPage.<init>(SearchResultPage.java:28)
	at com.bus.booking.TestBase.SearchResultPage.<init>(SearchResultPage.java:28)
	at com.bus.booking.TestBase.SearchResultPage.<init>(SearchResultPage.java:28)
	at com.bus.booking.TestBase.SearchResultPage.<init>(SearchResultPage.java:28)
	at com.bus.booking.TestBase.SearchResultPage.<init>(SearchResultPage.java:28)
	at com.bus.booking.TestBase.SearchResultPage.<init>(SearchResultPage.java:28)
	at com.bus.booking.TestBase.SearchResultPage.<init>(SearchResultPage.java:28)
	at com.bus.booking.TestBase.SearchResultPage.<init>(SearchResultPage.java:28)
	at com.bus.booking.TestBase.SearchResultPage.<init>(SearchResultPage.java:28)
	at com.bus.booking.TestBase.SearchResultPage.<init>(SearchResultPage.java:28)
	at com.bus.booking.TestBase.SearchResultPage.<init>(SearchResultPage.java:28)
	at com.bus.booking.TestBase.SearchResultPage.<init>(SearchResultPage.java:28)
	at com.bus.booking.TestBase.SearchResultPage.<init>(SearchResultPage.java:28)
	at com.bus.booking.TestBase.SearchResultPage.<init>(SearchResultPage.java:28)
	at com.bus.booking.TestBase.SearchResultPage.<init>(SearchResultPage.java:28)
	at com.bus.booking.TestBase.SearchResultPage.<init>(SearchResultPage.java:28)
	at com.bus.booking.TestBase.SearchResultPage.<init>(SearchResultPage.java:28)
	at com.bus.booking.TestBase.SearchResultPage.<init>(SearchResultPage.java:28)
	at com.bus.booking.TestBase.SearchResultPage.<init>(SearchResultPage.java:28)
	at com.bus.booking.TestBase.SearchResultPage.<init>(SearchResultPage.java:28)
	at com.bus.booking.TestBase.SearchResultPage.<init>(SearchResultPage.java:28)
	at com.bus.booking.TestBase.SearchResultPage.<init>(SearchResultPage.java:28)
	at com.bus.booking.TestBase.SearchResultPage.<init>(SearchResultPage.java:28)
	at com.bus.booking.TestBase.SearchResultPage.<init>(SearchResultPage.java:28)
	at com.bus.booking.TestBase.SearchResultPage.<init>(SearchResultPage.java:28)
	at com.bus.booking.TestBase.SearchResultPage.<init>(SearchResultPage.java:28)
	at com.bus.booking.TestBase.SearchResultPage.<init>(SearchResultPage.java:28)
	at com.bus.booking.TestBase.SearchResultPage.<init>(SearchResultPage.java:28)
	at com.bus.booking.TestBase.SearchResultPage.<init>(SearchResultPage.java:28)
	at com.bus.booking.TestBase.SearchResultPage.<init>(SearchResultPage.java:28)
	at com.bus.booking.TestBase.SearchResultPage.<init>(SearchResultPage.java:28)
	at com.bus.booking.TestBase.SearchResultPage.<init>(SearchResultPage.java:28)
	at com.bus.booking.TestBase.SearchResultPage.<init>(SearchResultPage.java:28)
	at com.bus.booking.TestBase.SearchResultPage.<init>(SearchResultPage.java:28)
	at com.bus.booking.TestBase.SearchResultPage.<init>(SearchResultPage.java:28)
	at com.bus.booking.TestBase.SearchResultPage.<init>(SearchResultPage.java:28)
	at com.bus.booking.TestBase.SearchResultPage.<init>(SearchResultPage.java:28)
	at com.bus.booking.TestBase.SearchResultPage.<init>(SearchResultPage.java:28)
	at com.bus.booking.TestBase.SearchResultPage.<init>(SearchResultPage.java:28)
	at com.bus.booking.TestBase.SearchResultPage.<init>(SearchResultPage.java:28)
	at com.bus.booking.TestBase.SearchResultPage.<init>(SearchResultPage.java:28)
	at com.bus.booking.TestBase.SearchResultPage.<init>(SearchResultPage.java:28)
	at com.bus.booking.TestBase.SearchResultPage.<init>(SearchResultPage.java:28)
	at com.bus.booking.TestBase.SearchResultPage.<init>(SearchResultPage.java:28)
	at com.bus.booking.TestBase.SearchResultPage.<init>(SearchResultPage.java:28)
	at com.bus.booking.TestBase.SearchResultPage.<init>(SearchResultPage.java:28)
	at com.bus.booking.TestBase.SearchResultPage.<init>(SearchResultPage.java:28)
	at com.bus.booking.TestBase.SearchResultPage.<init>(SearchResultPage.java:28)
	at com.bus.booking.TestBase.SearchResultPage.<init>(SearchResultPage.java:28)
	at com.bus.booking.TestBase.SearchResultPage.<init>(SearchResultPage.java:28)
	at com.bus.booking.TestBase.SearchResultPage.<init>(SearchResultPage.java:28)
	at com.bus.booking.TestBase.SearchResultPage.<init>(SearchResultPage.java:28)
	at com.bus.booking.TestBase.SearchResultPage.<init>(SearchResultPage.java:28)
	at com.bus.booking.TestBase.SearchResultPage.<init>(SearchResultPage.java:28)
	at com.bus.booking.TestBase.SearchResultPage.<init>(SearchResultPage.java:28)
	at com.bus.booking.TestBase.SearchResultPage.<init>(SearchResultPage.java:28)
	at com.bus.booking.TestBase.SearchResultPage.<init>(SearchResultPage.java:28)
	at com.bus.booking.TestBase.SearchResultPage.<init>(SearchResultPage.java:28)
	at com.bus.booking.TestBase.SearchResultPage.<init>(SearchResultPage.java:28)
	at com.bus.booking.TestBase.SearchResultPage.<init>(SearchResultPage.java:28)
	at com.bus.booking.TestBase.SearchResultPage.<init>(SearchResultPage.java:28)
	at com.bus.booking.TestBase.SearchResultPage.<init>(SearchResultPage.java:28)
	at com.bus.booking.TestBase.SearchResultPage.<init>(SearchResultPage.java:28)
	at com.bus.booking.TestBase.SearchResultPage.<init>(SearchResultPage.java:28)
	at com.bus.booking.TestBase.SearchResultPage.<init>(SearchResultPage.java:28)
	at com.bus.booking.TestBase.SearchResultPage.<init>(SearchResultPage.java:28)
	at com.bus.booking.TestBase.SearchResultPage.<init>(SearchResultPage.java:28)
	at com.bus.booking.TestBase.SearchResultPage.<init>(SearchResultPage.java:28)
	at com.bus.booking.TestBase.SearchResultPage.<init>(SearchResultPage.java:28)
	at com.bus.booking.TestBase.SearchResultPage.<init>(SearchResultPage.java:28)
	at com.bus.booking.TestBase.SearchResultPage.<init>(SearchResultPage.java:28)
	at com.bus.booking.TestBase.SearchResultPage.<init>(SearchResultPage.java:28)
	at com.bus.booking.TestBase.SearchResultPage.<init>(SearchResultPage.java:28)
	at com.bus.booking.TestBase.SearchResultPage.<init>(SearchResultPage.java:28)
	at com.bus.booking.TestBase.SearchResultPage.<init>(SearchResultPage.java:28)
	at com.bus.booking.TestBase.SearchResultPage.<init>(SearchResultPage.java:28)
	at com.bus.booking.TestBase.SearchResultPage.<init>(SearchResultPage.java:28)
	at com.bus.booking.TestBase.SearchResultPage.<init>(SearchResultPage.java:28)
	at com.bus.booking.TestBase.SearchResultPage.<init>(SearchResultPage.java:28)
	at com.bus.booking.TestBase.SearchResultPage.<init>(SearchResultPage.java:28)
	at com.bus.booking.TestBase.SearchResultPage.<init>(SearchResultPage.java:28)
	at com.bus.booking.TestBase.SearchResultPage.<init>(SearchResultPage.java:28)
	at com.bus.booking.TestBase.SearchResultPage.<init>(SearchResultPage.java:28)
	at com.bus.booking.TestBase.SearchResultPage.<init>(SearchResultPage.java:28)
	at com.bus.booking.TestBase.SearchResultPage.<init>(SearchResultPage.java:28)
	at com.bus.booking.TestBase.SearchResultPage.<init>(SearchResultPage.java:28)
	at com.bus.booking.TestBase.SearchResultPage.<init>(SearchResultPage.java:28)
	at com.bus.booking.TestBase.SearchResultPage.<init>(SearchResultPage.java:28)
	at com.bus.booking.TestBase.SearchResultPage.<init>(SearchResultPage.java:28)
	at com.bus.booking.TestBase.SearchResultPage.<init>(SearchResultPage.java:28)
	at com.bus.booking.TestBase.SearchResultPage.<init>(SearchResultPage.java:28)
	at com.bus.booking.TestBase.SearchResultPage.<init>(SearchResultPage.java:28)
	at com.bus.booking.TestBase.SearchResultPage.<init>(SearchResultPage.java:28)
	at com.bus.booking.TestBase.SearchResultPage.<init>(SearchResultPage.java:28)
	at com.bus.booking.TestBase.SearchResultPage.<init>(SearchResultPage.java:28)
	at com.bus.booking.TestBase.SearchResultPage.<init>(SearchResultPage.java:28)
	at com.bus.booking.TestBase.SearchResultPage.<init>(SearchResultPage.java:28)
	at com.bus.booking.TestBase.SearchResultPage.<init>(SearchResultPage.java:28)
	at com.bus.booking.TestBase.SearchResultPage.<init>(SearchResultPage.java:28)
	at com.bus.booking.TestBase.SearchResultPage.<init>(SearchResultPage.java:28)
	at com.bus.booking.TestBase.SearchResultPage.<init>(SearchResultPage.java:28)
	at com.bus.booking.TestBase.SearchResultPage.<init>(SearchResultPage.java:28)
	at com.bus.booking.TestBase.SearchResultPage.<init>(SearchResultPage.java:28)
	at com.bus.booking.TestBase.SearchResultPage.<init>(SearchResultPage.java:28)
	at com.bus.booking.TestBase.SearchResultPage.<init>(SearchResultPage.java:28)
	at com.bus.booking.TestBase.SearchResultPage.<init>(SearchResultPage.java:28)
	at com.bus.booking.TestBase.SearchResultPage.<init>(SearchResultPage.java:28)
	at com.bus.booking.TestBase.SearchResultPage.<init>(SearchResultPage.java:28)
	at com.bus.booking.TestBase.SearchResultPage.<init>(SearchResultPage.java:28)
	at com.bus.booking.TestBase.SearchResultPage.<init>(SearchResultPage.java:28)
	at com.bus.booking.TestBase.SearchResultPage.<init>(SearchResultPage.java:28)
	at com.bus.booking.TestBase.SearchResultPage.<init>(SearchResultPage.java:28)
	at com.bus.booking.TestBase.SearchResultPage.<init>(SearchResultPage.java:28)
	at com.bus.booking.TestBase.SearchResultPage.<init>(SearchResultPage.java:28)
	at com.bus.booking.TestBase.SearchResultPage.<init>(SearchResultPage.java:28)
	at com.bus.booking.TestBase.SearchResultPage.<init>(SearchResultPage.java:28)
	at com.bus.booking.TestBase.SearchResultPage.<init>(SearchResultPage.java:28)
	at com.bus.booking.TestBase.SearchResultPage.<init>(SearchResultPage.java:28)
	at com.bus.booking.TestBase.SearchResultPage.<init>(SearchResultPage.java:28)
	at com.bus.booking.TestBase.SearchResultPage.<init>(SearchResultPage.java:28)
	at com.bus.booking.TestBase.SearchResultPage.<init>(SearchResultPage.java:28)
	at com.bus.booking.TestBase.SearchResultPage.<init>(SearchResultPage.java:28)
	at com.bus.booking.TestBase.SearchResultPage.<init>(SearchResultPage.java:28)
	at com.bus.booking.TestBase.SearchResultPage.<init>(SearchResultPage.java:28)
	at com.bus.booking.TestBase.SearchResultPage.<init>(SearchResultPage.java:28)
	at com.bus.booking.TestBase.SearchResultPage.<init>(SearchResultPage.java:28)
	at com.bus.booking.TestBase.SearchResultPage.<init>(SearchResultPage.java:28)
	at com.bus.booking.TestBase.SearchResultPage.<init>(SearchResultPage.java:28)
	at com.bus.booking.TestBase.SearchResultPage.<init>(SearchResultPage.java:28)
	at com.bus.booking.TestBase.SearchResultPage.<init>(SearchResultPage.java:28)
	at com.bus.booking.TestBase.SearchResultPage.<init>(SearchResultPage.java:28)
	at com.bus.booking.TestBase.SearchResultPage.<init>(SearchResultPage.java:28)
	at com.bus.booking.TestBase.SearchResultPage.<init>(SearchResultPage.java:28)
	at com.bus.booking.TestBase.SearchResultPage.<init>(SearchResultPage.java:28)
	at com.bus.booking.TestBase.SearchResultPage.<init>(SearchResultPage.java:28)
	at com.bus.booking.TestBase.SearchResultPage.<init>(SearchResultPage.java:28)
	at com.bus.booking.TestBase.SearchResultPage.<init>(SearchResultPage.java:28)
	at com.bus.booking.TestBase.SearchResultPage.<init>(SearchResultPage.java:28)
	at com.bus.booking.TestBase.SearchResultPage.<init>(SearchResultPage.java:28)
	at com.bus.booking.TestBase.SearchResultPage.<init>(SearchResultPage.java:28)
	at com.bus.booking.TestBase.SearchResultPage.<init>(SearchResultPage.java:28)
	at com.bus.booking.TestBase.SearchResultPage.<init>(SearchResultPage.java:28)
	at com.bus.booking.TestBase.SearchResultPage.<init>(SearchResultPage.java:28)
	at com.bus.booking.TestBase.SearchResultPage.<init>(SearchResultPage.java:28)
	at com.bus.booking.TestBase.SearchResultPage.<init>(SearchResultPage.java:28)
	at com.bus.booking.TestBase.SearchResultPage.<init>(SearchResultPage.java:28)
	at com.bus.booking.TestBase.SearchResultPage.<init>(SearchResultPage.java:28)
	at com.bus.booking.TestBase.SearchResultPage.<init>(SearchResultPage.java:28)
	at com.bus.booking.TestBase.SearchResultPage.<init>(SearchResultPage.java:28)
	at com.bus.booking.TestBase.SearchResultPage.<init>(SearchResultPage.java:28)
	at com.bus.booking.TestBase.SearchResultPage.<init>(SearchResultPage.java:28)
	at com.bus.booking.TestBase.SearchResultPage.<init>(SearchResultPage.java:28)
	at com.bus.booking.TestBase.SearchResultPage.<init>(SearchResultPage.java:28)
	at com.bus.booking.TestBase.SearchResultPage.<init>(SearchResultPage.java:28)
	at com.bus.booking.TestBase.SearchResultPage.<init>(SearchResultPage.java:28)
	at com.bus.booking.TestBase.SearchResultPage.<init>(SearchResultPage.java:28)
	at com.bus.booking.TestBase.SearchResultPage.<init>(SearchResultPage.java:28)
	at com.bus.booking.TestBase.SearchResultPage.<init>(SearchResultPage.java:28)
	at com.bus.booking.TestBase.SearchResultPage.<init>(SearchResultPage.java:28)
	at com.bus.booking.TestBase.SearchResultPage.<init>(SearchResultPage.java:28)
	at com.bus.booking.TestBase.SearchResultPage.<init>(SearchResultPage.java:28)
	at com.bus.booking.TestBase.SearchResultPage.<init>(SearchResultPage.java:28)
	at com.bus.booking.TestBase.SearchResultPage.<init>(SearchResultPage.java:28)
	at com.bus.booking.TestBase.SearchResultPage.<init>(SearchResultPage.java:28)
	at com.bus.booking.TestBase.SearchResultPage.<init>(SearchResultPage.java:28)
	at com.bus.booking.TestBase.SearchResultPage.<init>(SearchResultPage.java:28)
	at com.bus.booking.TestBase.SearchResultPage.<init>(SearchResultPage.java:28)
	at com.bus.booking.TestBase.SearchResultPage.<init>(SearchResultPage.java:28)
	at com.bus.booking.TestBase.SearchResultPage.<init>(SearchResultPage.java:28)
	at com.bus.booking.TestBase.SearchResultPage.<init>(SearchResultPage.java:28)
	at com.bus.booking.TestBase.SearchResultPage.<init>(SearchResultPage.java:28)
	at com.bus.booking.TestBase.SearchResultPage.<init>(SearchResultPage.java:28)
	at com.bus.booking.TestBase.SearchResultPage.<init>(SearchResultPage.java:28)
	at com.bus.booking.TestBase.SearchResultPage.<init>(SearchResultPage.java:28)
	at com.bus.booking.TestBase.SearchResultPage.<init>(SearchResultPage.java:28)
	at com.bus.booking.TestBase.SearchResultPage.<init>(SearchResultPage.java:28)
	at com.bus.booking.TestBase.SearchResultPage.<init>(SearchResultPage.java:28)
	at com.bus.booking.TestBase.SearchResultPage.<init>(SearchResultPage.java:28)
	at com.bus.booking.TestBase.SearchResultPage.<init>(SearchResultPage.java:28)
	at com.bus.booking.TestBase.SearchResultPage.<init>(SearchResultPage.java:28)
	at com.bus.booking.TestBase.SearchResultPage.<init>(SearchResultPage.java:28)
	at com.bus.booking.TestBase.SearchResultPage.<init>(SearchResultPage.java:28)
	at com.bus.booking.TestBase.SearchResultPage.<init>(SearchResultPage.java:28)
	at com.bus.booking.TestBase.SearchResultPage.<init>(SearchResultPage.java:28)
	at com.bus.booking.TestBase.SearchResultPage.<init>(SearchResultPage.java:28)
	at com.bus.booking.TestBase.SearchResultPage.<init>(SearchResultPage.java:28)
	at com.bus.booking.TestBase.SearchResultPage.<init>(SearchResultPage.java:28)
	at com.bus.booking.TestBase.SearchResultPage.<init>(SearchResultPage.java:28)
	at com.bus.booking.TestBase.SearchResultPage.<init>(SearchResultPage.java:28)
	at com.bus.booking.TestBase.SearchResultPage.<init>(SearchResultPage.java:28)
	at com.bus.booking.TestBase.SearchResultPage.<init>(SearchResultPage.java:28)
	at com.bus.booking.TestBase.SearchResultPage.<init>(SearchResultPage.java:28)
	at com.bus.booking.TestBase.SearchResultPage.<init>(SearchResultPage.java:28)
	at com.bus.booking.TestBase.SearchResultPage.<init>(SearchResultPage.java:28)
	at com.bus.booking.TestBase.SearchResultPage.<init>(SearchResultPage.java:28)
	at com.bus.booking.TestBase.SearchResultPage.<init>(SearchResultPage.java:28)
	at com.bus.booking.TestBase.SearchResultPage.<init>(SearchResultPage.java:28)
	at com.bus.booking.TestBase.SearchResultPage.<init>(SearchResultPage.java:28)
	at com.bus.booking.TestBase.SearchResultPage.<init>(SearchResultPage.java:28)
	at com.bus.booking.TestBase.SearchResultPage.<init>(SearchResultPage.java:28)
	at com.bus.booking.TestBase.SearchResultPage.<init>(SearchResultPage.java:28)
	at com.bus.booking.TestBase.SearchResultPage.<init>(SearchResultPage.java:28)
	at com.bus.booking.TestBase.SearchResultPage.<init>(SearchResultPage.java:28)
	at com.bus.booking.TestBase.SearchResultPage.<init>(SearchResultPage.java:28)
	at com.bus.booking.TestBase.SearchResultPage.<init>(SearchResultPage.java:28)
]]>
            </full-stacktrace>
          </exception> <!-- java.lang.StackOverflowError -->
          <reporter-output>
          </reporter-output>
        </test-method> <!-- bookAticket -->
        <test-method status="PASS" signature="tearDown()[pri:0, instance:com.bus.booking.Tests.Test1@51399530]" name="tearDown" is-config="true" duration-ms="1270" started-at="2020-06-22T13:56:12Z" finished-at="2020-06-22T13:56:14Z">
          <reporter-output>
          </reporter-output>
        </test-method> <!-- tearDown -->
      </class> <!-- com.bus.booking.Tests.Test1 -->
    </test> <!-- Default test -->
  </suite> <!-- Default suite -->
</testng-results>
