<?xml version="1.0" encoding="UTF-8"?>
<testng-results skipped="0" failed="0" ignored="0" total="1" passed="1">
  <reporter-output>
  </reporter-output>
  <suite name="Default suite" duration-ms="16561" started-at="2020-06-22T12:46:45Z" finished-at="2020-06-22T12:47:01Z">
    <groups>
    </groups>
    <test name="Default test" duration-ms="16561" started-at="2020-06-22T12:46:45Z" finished-at="2020-06-22T12:47:01Z">
      <class name="com.bus.booking.Tests.BookATicketWithoutPaymentInfo">
        <test-method status="PASS" signature="setUp()[pri:0, instance:com.bus.booking.Tests.BookATicketWithoutPaymentInfo@77cd7a0]" name="setUp" is-config="true" duration-ms="2955" started-at="2020-06-22T18:16:45Z" finished-at="2020-06-22T18:16:47Z">
          <reporter-output>
          </reporter-output>
        </test-method> <!-- setUp -->
        <test-method status="PASS" signature="bookAticket()[pri:0, instance:com.bus.booking.Tests.BookATicketWithoutPaymentInfo@77cd7a0]" name="bookAticket" duration-ms="12944" started-at="2020-06-22T18:16:47Z" finished-at="2020-06-22T18:17:00Z">
          <reporter-output>
          </reporter-output>
        </test-method> <!-- bookAticket -->
        <test-method status="PASS" signature="tearDown()[pri:0, instance:com.bus.booking.Tests.BookATicketWithoutPaymentInfo@77cd7a0]" name="tearDown" is-config="true" duration-ms="635" started-at="2020-06-22T18:17:00Z" finished-at="2020-06-22T18:17:01Z">
          <reporter-output>
          </reporter-output>
        </test-method> <!-- tearDown -->
      </class> <!-- com.bus.booking.Tests.BookATicketWithoutPaymentInfo -->
    </test> <!-- Default test -->
  </suite> <!-- Default suite -->
</testng-results>
